<?xml version="1.0" encoding="UTF-8"?>
<coverage generated="1786007546298" clover="3.2.0">
  <project timestamp="1786007546299" name="All files">
    <metrics statements="513" coveredstatements="443" conditionals="301" coveredconditionals="211" methods="129" coveredmethods="117" elements="943" coveredelements="771" complexity="0" loc="513" ncloc="513" packages="2" files="16" classes="16"/>
    <package name="bot">
      <metrics statements="36" coveredstatements="34" conditionals="14" coveredconditionals="12" methods="18" coveredmethods="16"/>
      <file name="sharedExitDigitHistory.ts" path="C:\Users\cliff\Desktop\WARNER\flex\artifacts\ddbot-app\src\bot\sharedExitDigitHistory.ts">
        <metrics statements="36" coveredstatements="34" conditionals="14" coveredconditionals="12" methods="18" coveredmethods="16"/>
        <line num="33" count="2" type="stmt"/>
        <line num="47" count="1292" type="stmt"/>
        <line num="96" count="2" type="stmt"/>
        <line num="98" count="2" type="stmt"/>
        <line num="102" count="2" type="stmt"/>
        <line num="103" count="2" type="stmt"/>
        <line num="105" count="2" type="stmt"/>
        <line num="107" count="2" type="stmt"/>
        <line num="120" count="1298" type="stmt"/>
        <line num="121" count="1298" type="cond" truecount="2" falsecount="0"/>
        <line num="122" count="1298" type="stmt"/>
        <line num="140" count="1279" type="cond" truecount="2" falsecount="0"/>
        <line num="141" count="1272" type="cond" truecount="4" falsecount="0"/>
        <line num="144" count="1271" type="cond" truecount="2" falsecount="0"/>
        <line num="145" count="1269" type="cond" truecount="2" falsecount="0"/>
        <line num="147" count="1268" type="stmt"/>
        <line num="160" count="1268" type="stmt"/>
        <line num="162" count="1268" type="stmt"/>
        <line num="163" count="1268" type="stmt"/>
        <line num="165" count="1268" type="stmt"/>
        <line num="184" count="1273" type="stmt"/>
        <line num="191" count="13" type="stmt"/>
        <line num="199" count="56" type="stmt"/>
        <line num="200" count="56" type="stmt"/>
        <line num="201" count="56" type="stmt"/>
        <line num="213" count="161" type="stmt"/>
        <line num="222" count="3" type="stmt"/>
        <line num="223" count="8" type="stmt"/>
        <line num="231" count="0" type="cond" truecount="0" falsecount="2"/>
        <line num="238" count="23" type="stmt"/>
        <line num="245" count="1" type="stmt"/>
        <line num="246" count="1" type="stmt"/>
        <line num="247" count="1" type="stmt"/>
        <line num="255" count="4" type="stmt"/>
        <line num="256" count="4" type="stmt"/>
        <line num="264" count="0" type="stmt"/>
      </file>
    </package>
    <package name="bot.virtualHook">
      <metrics statements="477" coveredstatements="409" conditionals="287" coveredconditionals="199" methods="111" coveredmethods="101"/>
      <file name="SettlementEngine.ts" path="C:\Users\cliff\Desktop\WARNER\flex\artifacts\ddbot-app\src\bot\virtualHook\SettlementEngine.ts">
        <metrics statements="17" coveredstatements="17" conditionals="24" coveredconditionals="24" methods="3" coveredmethods="3"/>
        <line num="17" count="4" type="stmt"/>
        <line num="33" count="4" type="stmt"/>
        <line num="50" count="2125" type="stmt"/>
        <line num="51" count="2125" type="cond" truecount="4" falsecount="0"/>
        <line num="53" count="2125" type="cond" truecount="11" falsecount="0"/>
        <line num="56" count="2039" type="cond" truecount="2" falsecount="0"/>
        <line num="59" count="16" type="cond" truecount="2" falsecount="0"/>
        <line num="62" count="14" type="cond" truecount="2" falsecount="0"/>
        <line num="65" count="14" type="cond" truecount="2" falsecount="0"/>
        <line num="67" count="16" type="stmt"/>
        <line num="69" count="14" type="stmt"/>
        <line num="73" count="5" type="stmt"/>
        <line num="76" count="5" type="stmt"/>
        <line num="80" count="2" type="stmt"/>
        <line num="102" count="2023" type="stmt"/>
        <line num="103" count="2023" type="stmt"/>
        <line num="116" count="2033" type="stmt"/>
      </file>
      <file name="SummaryStore.ts" path="C:\Users\cliff\Desktop\WARNER\flex\artifacts\ddbot-app\src\bot\virtualHook\SummaryStore.ts">
        <metrics statements="14" coveredstatements="14" conditionals="11" coveredconditionals="10" methods="6" coveredmethods="6"/>
        <line num="89" count="25" type="stmt"/>
        <line num="95" count="48" type="stmt"/>
        <line num="103" count="1263" type="stmt"/>
        <line num="104" count="1263" type="stmt"/>
        <line num="106" count="1263" type="stmt"/>
        <line num="120" count="1" type="stmt"/>
        <line num="124" count="1263" type="stmt"/>
        <line num="125" count="1263" type="cond" truecount="2" falsecount="0"/>
        <line num="126" count="1263" type="cond" truecount="2" falsecount="0"/>
        <line num="127" count="1263" type="stmt"/>
        <line num="129" count="1263" type="cond" truecount="2" falsecount="0"/>
        <line num="130" count="1263" type="cond" truecount="2" falsecount="0"/>
        <line num="132" count="1263" type="stmt"/>
        <line num="145" count="26" type="stmt"/>
      </file>
      <file name="TradeCandidate.ts" path="C:\Users\cliff\Desktop\WARNER\flex\artifacts\ddbot-app\src\bot\virtualHook\TradeCandidate.ts">
        <metrics statements="3" coveredstatements="3" conditionals="15" coveredconditionals="14" methods="1" coveredmethods="1"/>
        <line num="85" count="2012" type="cond" truecount="3" falsecount="1"/>
        <line num="86" count="2012" type="stmt"/>
        <line num="87" count="2012" type="stmt"/>
      </file>
      <file name="TransactionPipeline.ts" path="C:\Users\cliff\Desktop\WARNER\flex\artifacts\ddbot-app\src\bot\virtualHook\TransactionPipeline.ts">
        <metrics statements="9" coveredstatements="9" conditionals="20" coveredconditionals="11" methods="4" coveredmethods="4"/>
        <line num="117" count="1006" type="stmt"/>
        <line num="133" count="1006" type="stmt"/>
        <line num="175" count="11" type="stmt"/>
        <line num="176" count="11" type="stmt"/>
        <line num="178" count="11" type="stmt"/>
        <line num="179" count="11" type="cond" truecount="2" falsecount="0"/>
        <line num="180" count="2" type="stmt"/>
        <line num="183" count="11" type="stmt"/>
        <line num="196" count="11" type="stmt"/>
      </file>
      <file name="TransactionsStore.ts" path="C:\Users\cliff\Desktop\WARNER\flex\artifacts\ddbot-app\src\bot\virtualHook\TransactionsStore.ts">
        <metrics statements="38" coveredstatements="38" conditionals="16" coveredconditionals="13" methods="18" coveredmethods="18"/>
        <line num="40" count="8" type="stmt"/>
        <line num="47" count="8" type="stmt"/>
        <line num="83" count="78" type="stmt"/>
        <line num="84" count="78" type="stmt"/>
        <line num="86" count="78" type="stmt"/>
        <line num="87" count="78" type="stmt"/>
        <line num="90" count="78" type="cond" truecount="2" falsecount="0"/>
        <line num="111" count="3928" type="stmt"/>
        <line num="113" count="3928" type="stmt"/>
        <line num="114" count="3928" type="stmt"/>
        <line num="121" count="205" type="stmt"/>
        <line num="128" count="9" type="stmt"/>
        <line num="129" count="9" type="cond" truecount="2" falsecount="0"/>
        <line num="136" count="14" type="stmt"/>
        <line num="144" count="85" type="stmt"/>
        <line num="145" count="85" type="stmt"/>
        <line num="152" count="3" type="stmt"/>
        <line num="153" count="3" type="stmt"/>
        <line num="161" count="3928" type="stmt"/>
        <line num="162" count="3928" type="cond" truecount="2" falsecount="0"/>
        <line num="163" count="26" type="stmt"/>
        <line num="167" count="3902" type="stmt"/>
        <line num="168" count="3902" type="stmt"/>
        <line num="171" count="9" type="stmt"/>
        <line num="172" count="9" type="stmt"/>
        <line num="176" count="8" type="cond" truecount="1" falsecount="1"/>
        <line num="181" count="3894" type="stmt"/>
        <line num="184" count="3894" type="stmt"/>
        <line num="185" count="3894" type="stmt"/>
        <line num="186" count="3894" type="stmt"/>
        <line num="187" count="3894" type="stmt"/>
        <line num="190" count="3894" type="stmt"/>
        <line num="192" count="3894" type="stmt"/>
        <line num="199" count="1528330" type="cond" truecount="2" falsecount="0"/>
        <line num="200" count="307" type="cond" truecount="2" falsecount="0"/>
        <line num="201" count="2" type="cond" truecount="2" falsecount="2"/>
        <line num="205" count="3894" type="stmt"/>
        <line num="209" count="4132" type="stmt"/>
      </file>
      <file name="VHConfig.ts" path="C:\Users\cliff\Desktop\WARNER\flex\artifacts\ddbot-app\src\bot\virtualHook\VHConfig.ts">
        <metrics statements="35" coveredstatements="29" conditionals="56" coveredconditionals="45" methods="2" coveredmethods="2"/>
        <line num="11" count="5" type="stmt"/>
        <line num="55" count="5" type="stmt"/>
        <line num="77" count="2039" type="cond" truecount="4" falsecount="0"/>
        <line num="78" count="1" type="stmt"/>
        <line num="80" count="2038" type="cond" truecount="4" falsecount="0"/>
        <line num="81" count="1" type="stmt"/>
        <line num="83" count="2037" type="cond" truecount="1" falsecount="1"/>
        <line num="84" count="0" type="stmt"/>
        <line num="88" count="2037" type="cond" truecount="4" falsecount="0"/>
        <line num="89" count="1" type="stmt"/>
        <line num="93" count="2036" type="cond" truecount="3" falsecount="1"/>
        <line num="94" count="0" type="stmt"/>
        <line num="98" count="2036" type="cond" truecount="3" falsecount="1"/>
        <line num="99" count="0" type="stmt"/>
        <line num="103" count="2036" type="cond" truecount="3" falsecount="1"/>
        <line num="104" count="0" type="stmt"/>
        <line num="108" count="2036" type="cond" truecount="3" falsecount="1"/>
        <line num="109" count="0" type="stmt"/>
        <line num="113" count="2036" type="cond" truecount="3" falsecount="1"/>
        <line num="114" count="0" type="stmt"/>
        <line num="131" count="2037" type="stmt"/>
        <line num="134" count="2037" type="cond" truecount="2" falsecount="0"/>
        <line num="135" count="2037" type="cond" truecount="2" falsecount="0"/>
        <line num="136" count="2037" type="stmt"/>
        <line num="140" count="2037" type="cond" truecount="2" falsecount="0"/>
        <line num="141" count="2037" type="cond" truecount="1" falsecount="1"/>
        <line num="142" count="2037" type="cond" truecount="1" falsecount="1"/>
        <line num="143" count="2037" type="stmt"/>
        <line num="147" count="2037" type="cond" truecount="1" falsecount="1"/>
        <line num="152" count="2037" type="cond" truecount="2" falsecount="0"/>
        <line num="153" count="2037" type="cond" truecount="4" falsecount="0"/>
        <line num="154" count="2" type="stmt"/>
        <line num="163" count="2035" type="stmt"/>
        <line num="165" count="2035" type="stmt"/>
        <line num="167" count="2035" type="stmt"/>
      </file>
      <file name="VHDecision.ts" path="C:\Users\cliff\Desktop\WARNER\flex\artifacts\ddbot-app\src\bot\virtualHook\VHDecision.ts">
        <metrics statements="0" coveredstatements="0" conditionals="0" coveredconditionals="0" methods="0" coveredmethods="0"/>
      </file>
      <file name="VHJournalStore.ts" path="C:\Users\cliff\Desktop\WARNER\flex\artifacts\ddbot-app\src\bot\virtualHook\VHJournalStore.ts">
        <metrics statements="21" coveredstatements="21" conditionals="3" coveredconditionals="2" methods="12" coveredmethods="12"/>
        <line num="137" count="29" type="stmt"/>
        <line num="138" count="29" type="stmt"/>
        <line num="139" count="29" type="stmt"/>
        <line num="148" count="1255" type="stmt"/>
        <line num="149" count="1255" type="stmt"/>
        <line num="151" count="1255" type="stmt"/>
        <line num="152" count="1255" type="stmt"/>
        <line num="153" count="1255" type="stmt"/>
        <line num="154" count="1255" type="stmt"/>
        <line num="156" count="1255" type="stmt"/>
        <line num="168" count="1255" type="stmt"/>
        <line num="176" count="1545" type="stmt"/>
        <line num="183" count="5" type="stmt"/>
        <line num="184" count="5" type="cond" truecount="1" falsecount="1"/>
        <line num="191" count="34" type="stmt"/>
        <line num="199" count="3" type="stmt"/>
        <line num="200" count="3" type="stmt"/>
        <line num="205" count="1" type="stmt"/>
        <line num="206" count="1" type="stmt"/>
        <line num="218" count="1255" type="stmt"/>
        <line num="238" count="1550" type="stmt"/>
      </file>
      <file name="VHLogger.ts" path="C:\Users\cliff\Desktop\WARNER\flex\artifacts\ddbot-app\src\bot\virtualHook\VHLogger.ts">
        <metrics statements="7" coveredstatements="4" conditionals="1" coveredconditionals="1" methods="6" coveredmethods="3"/>
        <line num="84" count="21" type="stmt"/>
        <line num="89" count="18" type="stmt"/>
        <line num="93" count="0" type="stmt"/>
        <line num="97" count="0" type="stmt"/>
        <line num="101" count="0" type="stmt"/>
        <line num="105" count="18" type="stmt"/>
        <line num="111" count="18" type="stmt"/>
      </file>
      <file name="VHRuntime.ts" path="C:\Users\cliff\Desktop\WARNER\flex\artifacts\ddbot-app\src\bot\virtualHook\VHRuntime.ts">
        <metrics statements="20" coveredstatements="20" conditionals="2" coveredconditionals="2" methods="6" coveredmethods="6"/>
        <line num="37" count="1" type="stmt"/>
        <line num="39" count="1" type="stmt"/>
        <line num="41" count="1" type="stmt"/>
        <line num="49" count="9" type="stmt"/>
        <line num="50" count="9" type="stmt"/>
        <line num="51" count="9" type="stmt"/>
        <line num="52" count="9" type="stmt"/>
        <line num="61" count="8" type="cond" truecount="2" falsecount="0"/>
        <line num="63" count="7" type="stmt"/>
        <line num="64" count="7" type="stmt"/>
        <line num="65" count="7" type="stmt"/>
        <line num="67" count="7" type="stmt"/>
        <line num="68" count="7" type="stmt"/>
        <line num="69" count="7" type="stmt"/>
        <line num="71" count="7" type="stmt"/>
        <line num="72" count="7" type="stmt"/>
        <line num="73" count="7" type="stmt"/>
        <line num="75" count="7" type="stmt"/>
        <line num="83" count="9" type="stmt"/>
        <line num="90" count="5" type="stmt"/>
      </file>
      <file name="VirtualContract.ts" path="C:\Users\cliff\Desktop\WARNER\flex\artifacts\ddbot-app\src\bot\virtualHook\VirtualContract.ts">
        <metrics statements="28" coveredstatements="25" conditionals="22" coveredconditionals="18" methods="9" coveredmethods="8"/>
        <line num="141" count="2039" type="stmt"/>
        <line num="142" count="2039" type="stmt"/>
        <line num="143" count="2039" type="stmt"/>
        <line num="145" count="2039" type="stmt"/>
        <line num="172" count="1" type="stmt"/>
        <line num="173" count="1" type="stmt"/>
        <line num="185" count="2034" type="stmt"/>
        <line num="186" count="2034" type="stmt"/>
        <line num="203" count="2033" type="stmt"/>
        <line num="204" count="2033" type="cond" truecount="2" falsecount="0"/>
        <line num="205" count="2033" type="cond" truecount="2" falsecount="0"/>
        <line num="206" count="2033" type="stmt"/>
        <line num="220" count="0" type="stmt"/>
        <line num="238" count="2039" type="cond" truecount="3" falsecount="1"/>
        <line num="239" count="0" type="stmt"/>
        <line num="242" count="2039" type="stmt"/>
        <line num="243" count="63209" type="stmt"/>
        <line num="244" count="63209" type="cond" truecount="2" falsecount="0"/>
        <line num="245" count="63209" type="stmt"/>
        <line num="257" count="2045" type="cond" truecount="2" falsecount="0"/>
        <line num="258" count="2045" type="cond" truecount="5" falsecount="1"/>
        <line num="259" count="2041" type="stmt"/>
        <line num="260" count="1" type="stmt"/>
        <line num="261" count="1" type="stmt"/>
        <line num="262" count="1" type="stmt"/>
        <line num="263" count="1" type="stmt"/>
        <line num="264" count="0" type="stmt"/>
        <line num="273" count="4068" type="stmt"/>
      </file>
      <file name="VirtualHookEngine.ts" path="C:\Users\cliff\Desktop\WARNER\flex\artifacts\ddbot-app\src\bot\virtualHook\VirtualHookEngine.ts">
        <metrics statements="209" coveredstatements="161" conditionals="80" coveredconditionals="35" methods="22" coveredmethods="20"/>
        <line num="47" count="3" type="stmt"/>
        <line num="107" count="2015" type="stmt"/>
        <line num="108" count="2015" type="stmt"/>
        <line num="109" count="2015" type="stmt"/>
        <line num="110" count="2015" type="stmt"/>
        <line num="113" count="2015" type="stmt"/>
        <line num="114" count="2015" type="stmt"/>
        <line num="117" count="2015" type="stmt"/>
        <line num="135" count="2015" type="stmt"/>
        <line num="136" count="2015" type="stmt"/>
        <line num="137" count="2015" type="stmt"/>
        <line num="138" count="2015" type="stmt"/>
        <line num="139" count="2015" type="stmt"/>
        <line num="140" count="2015" type="stmt"/>
        <line num="149" count="3" type="stmt"/>
        <line num="161" count="3" type="cond" truecount="2" falsecount="0"/>
        <line num="162" count="1" type="stmt"/>
        <line num="171" count="1" type="stmt"/>
        <line num="173" count="2" type="cond" truecount="1" falsecount="1"/>
        <line num="174" count="0" type="stmt"/>
        <line num="183" count="0" type="stmt"/>
        <line num="187" count="2" type="stmt"/>
        <line num="188" count="2" type="stmt"/>
        <line num="195" count="1003" type="stmt"/>
        <line num="209" count="0" type="stmt"/>
        <line num="219" count="2016" type="cond" truecount="2" falsecount="0"/>
        <line num="220" count="2" type="stmt"/>
        <line num="226" count="2014" type="cond" truecount="2" falsecount="0"/>
        <line num="227" count="2" type="stmt"/>
        <line num="229" count="2012" type="stmt"/>
        <line num="230" count="2012" type="stmt"/>
        <line num="231" count="2012" type="stmt"/>
        <line num="232" count="2012" type="stmt"/>
        <line num="233" count="2012" type="stmt"/>
        <line num="234" count="2012" type="stmt"/>
        <line num="236" count="2012" type="stmt"/>
        <line num="237" count="2012" type="stmt"/>
        <line num="238" count="2012" type="stmt"/>
        <line num="240" count="2012" type="stmt"/>
        <line num="243" count="2012" type="stmt"/>
        <line num="245" count="2012" type="cond" truecount="2" falsecount="0"/>
        <line num="246" count="1" type="stmt"/>
        <line num="247" count="1" type="stmt"/>
        <line num="256" count="1" type="stmt"/>
        <line num="257" count="1" type="stmt"/>
        <line num="258" count="1" type="stmt"/>
        <line num="270" count="1" type="stmt"/>
        <line num="279" count="2011" type="stmt"/>
        <line num="281" count="2011" type="stmt"/>
        <line num="283" count="2011" type="stmt"/>
        <line num="285" count="2011" type="stmt"/>
        <line num="286" count="2022" type="cond" truecount="1" falsecount="1"/>
        <line num="287" count="0" type="stmt"/>
        <line num="288" count="0" type="stmt"/>
        <line num="289" count="0" type="stmt"/>
        <line num="301" count="0" type="stmt"/>
        <line num="315" count="2022" type="stmt"/>
        <line num="317" count="2022" type="cond" truecount="2" falsecount="0"/>
        <line num="318" count="2021" type="stmt"/>
        <line num="320" count="1" type="stmt"/>
        <line num="323" count="2022" type="stmt"/>
        <line num="328" count="2022" type="stmt"/>
        <line num="330" count="2022" type="cond" truecount="2" falsecount="0"/>
        <line num="331" count="2009" type="stmt"/>
        <line num="332" count="2009" type="stmt"/>
        <line num="333" count="2009" type="stmt"/>
        <line num="345" count="2009" type="stmt"/>
        <line num="353" count="13" type="cond" truecount="2" falsecount="0"/>
        <line num="354" count="2" type="stmt"/>
        <line num="355" count="2" type="stmt"/>
        <line num="356" count="2" type="stmt"/>
        <line num="368" count="2" type="stmt"/>
        <line num="376" count="11" type="cond" truecount="1" falsecount="1"/>
        <line num="377" count="0" type="stmt"/>
        <line num="378" count="0" type="stmt"/>
        <line num="379" count="0" type="stmt"/>
        <line num="391" count="0" type="stmt"/>
        <line num="401" count="11" type="cond" truecount="1" falsecount="1"/>
        <line num="402" count="11" type="stmt"/>
        <line num="407" count="0" type="cond" truecount="0" falsecount="2"/>
        <line num="408" count="0" type="stmt"/>
        <line num="417" count="0" type="stmt"/>
        <line num="418" count="0" type="stmt"/>
        <line num="419" count="0" type="stmt"/>
        <line num="431" count="0" type="stmt"/>
        <line num="451" count="2022" type="stmt"/>
        <line num="452" count="2022" type="stmt"/>
        <line num="453" count="2022" type="stmt"/>
        <line num="455" count="2022" type="stmt"/>
        <line num="456" count="2024" type="stmt"/>
        <line num="457" count="2024" type="stmt"/>
        <line num="463" count="2024" type="cond" truecount="2" falsecount="0"/>
        <line num="464" count="2022" type="stmt"/>
        <line num="465" count="2022" type="stmt"/>
        <line num="467" count="2" type="stmt"/>
        <line num="468" count="2" type="cond" truecount="3" falsecount="1"/>
        <line num="469" count="0" type="stmt"/>
        <line num="480" count="0" type="stmt"/>
        <line num="487" count="2" type="stmt"/>
        <line num="496" count="2" type="stmt"/>
        <line num="497" count="2" type="stmt"/>
        <line num="498" count="2" type="stmt"/>
        <line num="501" count="0" type="cond" truecount="0" falsecount="4"/>
        <line num="502" count="0" type="stmt"/>
        <line num="505" count="0" type="cond" truecount="0" falsecount="2"/>
        <line num="506" count="0" type="cond" truecount="0" falsecount="2"/>
        <line num="507" count="0" type="stmt"/>
        <line num="516" count="0" type="stmt"/>
        <line num="521" count="0" type="stmt"/>
        <line num="522" count="0" type="stmt"/>
        <line num="523" count="0" type="stmt"/>
        <line num="528" count="2022" type="stmt"/>
        <line num="530" count="2022" type="stmt"/>
        <line num="539" count="2022" type="stmt"/>
        <line num="542" count="2022" type="stmt"/>
        <line num="543" count="2022" type="stmt"/>
        <line num="544" count="2022" type="stmt"/>
        <line num="546" count="1" type="cond" truecount="1" falsecount="1"/>
        <line num="547" count="1" type="stmt"/>
        <line num="564" count="1" type="stmt"/>
        <line num="565" count="1" type="stmt"/>
        <line num="566" count="1" type="stmt"/>
        <line num="567" count="1" type="stmt"/>
        <line num="569" count="1" type="stmt"/>
        <line num="578" count="2021" type="stmt"/>
        <line num="580" count="2021" type="stmt"/>
        <line num="584" count="2021" type="stmt"/>
        <line num="585" count="2021" type="stmt"/>
        <line num="587" count="0" type="cond" truecount="0" falsecount="2"/>
        <line num="588" count="0" type="stmt"/>
        <line num="598" count="0" type="stmt"/>
        <line num="601" count="2021" type="stmt"/>
        <line num="605" count="2021" type="cond" truecount="1" falsecount="1"/>
        <line num="606" count="2021" type="stmt"/>
        <line num="607" count="2021" type="stmt"/>
        <line num="611" count="0" type="stmt"/>
        <line num="620" count="0" type="stmt"/>
        <line num="623" count="2021" type="stmt"/>
        <line num="634" count="2021" type="cond" truecount="2" falsecount="0"/>
        <line num="637" count="2021" type="stmt"/>
        <line num="639" count="2021" type="stmt"/>
        <line num="640" count="2021" type="stmt"/>
        <line num="641" count="2021" type="stmt"/>
        <line num="642" count="2021" type="stmt"/>
        <line num="644" count="0" type="cond" truecount="0" falsecount="2"/>
        <line num="645" count="0" type="stmt"/>
        <line num="656" count="2021" type="stmt"/>
        <line num="659" count="2021" type="stmt"/>
        <line num="660" count="2021" type="stmt"/>
        <line num="662" count="2021" type="stmt"/>
        <line num="675" count="2021" type="stmt"/>
        <line num="677" count="2021" type="stmt"/>
        <line num="689" count="2022" type="stmt"/>
        <line num="690" count="2022" type="stmt"/>
        <line num="691" count="0" type="stmt"/>
        <line num="692" count="0" type="stmt"/>
        <line num="695" count="2022" type="stmt"/>
        <line num="696" count="2031" type="stmt"/>
        <line num="697" count="2031" type="stmt"/>
        <line num="700" count="2022" type="stmt"/>
        <line num="701" count="2032" type="stmt"/>
        <line num="704" count="2022" type="stmt"/>
        <line num="705" count="1" type="stmt"/>
        <line num="706" count="1" type="stmt"/>
        <line num="719" count="2021" type="stmt"/>
        <line num="721" count="2021" type="stmt"/>
        <line num="722" count="2049" type="stmt"/>
        <line num="725" count="2021" type="stmt"/>
        <line num="727" count="2021" type="cond" truecount="1" falsecount="1"/>
        <line num="728" count="2021" type="stmt"/>
        <line num="730" count="2021" type="stmt"/>
        <line num="734" count="2021" type="stmt"/>
        <line num="735" count="2180" type="cond" truecount="1" falsecount="1"/>
        <line num="736" count="2180" type="stmt"/>
        <line num="738" count="2021" type="stmt"/>
        <line num="741" count="0" type="stmt"/>
        <line num="745" count="0" type="stmt"/>
        <line num="746" count="0" type="stmt"/>
        <line num="753" count="2021" type="cond" truecount="1" falsecount="1"/>
        <line num="754" count="2021" type="cond" truecount="1" falsecount="5"/>
        <line num="755" count="2021" type="stmt"/>
        <line num="756" count="0" type="stmt"/>
        <line num="757" count="0" type="stmt"/>
        <line num="758" count="0" type="stmt"/>
        <line num="759" count="0" type="stmt"/>
        <line num="760" count="0" type="stmt"/>
        <line num="768" count="2" type="stmt"/>
        <line num="775" count="2182" type="stmt"/>
        <line num="797" count="2012" type="stmt"/>
        <line num="826" count="3" type="stmt"/>
        <line num="828" count="3" type="stmt"/>
        <line num="829" count="3" type="stmt"/>
        <line num="831" count="0" type="stmt"/>
        <line num="842" count="3" type="stmt"/>
        <line num="843" count="3" type="stmt"/>
        <line num="845" count="0" type="stmt"/>
        <line num="856" count="3" type="stmt"/>
        <line num="857" count="3" type="stmt"/>
        <line num="858" count="3" type="stmt"/>
        <line num="859" count="3" type="stmt"/>
        <line num="860" count="3" type="stmt"/>
        <line num="861" count="3" type="stmt"/>
        <line num="863" count="3" type="stmt"/>
        <line num="878" count="2012" type="stmt"/>
        <line num="879" count="2012" type="stmt"/>
        <line num="880" count="2012" type="stmt"/>
        <line num="881" count="2012" type="stmt"/>
        <line num="882" count="2012" type="stmt"/>
        <line num="884" count="0" type="stmt"/>
      </file>
      <file name="VirtualPolicy.ts" path="C:\Users\cliff\Desktop\WARNER\flex\artifacts\ddbot-app\src\bot\virtualHook\VirtualPolicy.ts">
        <metrics statements="33" coveredstatements="31" conditionals="13" coveredconditionals="13" methods="9" coveredmethods="7"/>
        <line num="43" count="2021" type="stmt"/>
        <line num="44" count="2021" type="stmt"/>
        <line num="45" count="2021" type="stmt"/>
        <line num="46" count="2021" type="stmt"/>
        <line num="47" count="2021" type="stmt"/>
        <line num="50" count="2021" type="stmt"/>
        <line num="57" count="2013" type="stmt"/>
        <line num="58" count="2013" type="stmt"/>
        <line num="59" count="2013" type="stmt"/>
        <line num="60" count="2013" type="stmt"/>
        <line num="61" count="2013" type="stmt"/>
        <line num="74" count="2037" type="cond" truecount="2" falsecount="0"/>
        <line num="75" count="3" type="stmt"/>
        <line num="76" count="3" type="stmt"/>
        <line num="78" count="2034" type="stmt"/>
        <line num="79" count="2034" type="stmt"/>
        <line num="80" count="2034" type="cond" truecount="2" falsecount="0"/>
        <line num="81" count="9" type="stmt"/>
        <line num="89" count="2029" type="stmt"/>
        <line num="90" count="2029" type="cond" truecount="2" falsecount="0"/>
        <line num="91" count="2010" type="cond" truecount="2" falsecount="0"/>
        <line num="92" count="2007" type="stmt"/>
        <line num="100" count="3" type="stmt"/>
        <line num="110" count="19" type="cond" truecount="2" falsecount="0"/>
        <line num="111" count="5" type="stmt"/>
        <line num="121" count="14" type="cond" truecount="2" falsecount="0"/>
        <line num="122" count="1" type="stmt"/>
        <line num="132" count="13" type="stmt"/>
        <line num="144" count="5026" type="stmt"/>
        <line num="148" count="5026" type="stmt"/>
        <line num="152" count="4023" type="stmt"/>
        <line num="156" count="0" type="stmt"/>
        <line num="160" count="0" type="stmt"/>
      </file>
      <file name="VirtualStateMachine.ts" path="C:\Users\cliff\Desktop\WARNER\flex\artifacts\ddbot-app\src\bot\virtualHook\VirtualStateMachine.ts">
        <metrics statements="22" coveredstatements="22" conditionals="7" coveredconditionals="4" methods="7" coveredmethods="7"/>
        <line num="59" count="4" type="stmt"/>
        <line num="170" count="4" type="stmt"/>
        <line num="202" count="2071" type="stmt"/>
        <line num="207" count="2071" type="stmt"/>
        <line num="208" count="2071" type="stmt"/>
        <line num="215" count="48" type="stmt"/>
        <line num="224" count="24594" type="stmt"/>
        <line num="225" count="24594" type="cond" truecount="2" falsecount="0"/>
        <line num="226" count="11" type="stmt"/>
        <line num="229" count="24583" type="stmt"/>
        <line num="230" count="24583" type="stmt"/>
        <line num="232" count="24583" type="stmt"/>
        <line num="248" count="1" type="stmt"/>
        <line num="256" count="6" type="cond" truecount="1" falsecount="1"/>
        <line num="257" count="6" type="stmt"/>
        <line num="258" count="6" type="stmt"/>
        <line num="259" count="6" type="stmt"/>
        <line num="274" count="2014" type="stmt"/>
        <line num="275" count="2014" type="stmt"/>
        <line num="276" count="2014" type="cond" truecount="1" falsecount="1"/>
        <line num="277" count="2014" type="stmt"/>
        <line num="293" count="1" type="stmt"/>
      </file>
      <file name="errors.ts" path="C:\Users\cliff\Desktop\WARNER\flex\artifacts\ddbot-app\src\bot\virtualHook\errors.ts">
        <metrics statements="21" coveredstatements="15" conditionals="17" coveredconditionals="7" methods="6" coveredmethods="4"/>
        <line num="40" count="24" type="stmt"/>
        <line num="41" count="24" type="cond" truecount="2" falsecount="0"/>
        <line num="42" count="8" type="stmt"/>
        <line num="44" count="24" type="stmt"/>
        <line num="45" count="24" type="stmt"/>
        <line num="46" count="24" type="stmt"/>
        <line num="47" count="24" type="cond" truecount="2" falsecount="0"/>
        <line num="48" count="24" type="cond" truecount="2" falsecount="0"/>
        <line num="49" count="24" type="cond" truecount="1" falsecount="1"/>
        <line num="59" count="1" type="stmt"/>
        <line num="65" count="1" type="stmt"/>
        <line num="78" count="0" type="stmt"/>
        <line num="86" count="0" type="stmt"/>
        <line num="87" count="0" type="cond" truecount="0" falsecount="2"/>
        <line num="100" count="0" type="stmt"/>
        <line num="106" count="0" type="stmt"/>
        <line num="107" count="0" type="stmt"/>
        <line num="117" count="2" type="stmt"/>
        <line num="122" count="2" type="stmt"/>
        <line num="133" count="11" type="stmt"/>
        <line num="138" count="11" type="stmt"/>
      </file>
    </package>
  </project>
</coverage>
