{"C:\\Users\\cliff\\Desktop\\WARNER\\flex\\artifacts\\ddbot-app\\src\\bot\\sharedExitDigitHistory.ts": {"path":"C:\\Users\\cliff\\Desktop\\WARNER\\flex\\artifacts\\ddbot-app\\src\\bot\\sharedExitDigitHistory.ts","statementMap":{"0":{"start":{"line":33,"column":39},"end":{"line":40,"column":2}},"1":{"start":{"line":47,"column":4},"end":{"line":47,"column":53}},"2":{"start":{"line":96,"column":20},"end":{"line":96,"column":22}},"3":{"start":{"line":98,"column":33},"end":{"line":98,"column":35}},"4":{"start":{"line":102,"column":30},"end":{"line":102,"column":47}},"5":{"start":{"line":103,"column":27},"end":{"line":103,"column":44}},"6":{"start":{"line":105,"column":19},"end":{"line":105,"column":54}},"7":{"start":{"line":107,"column":24},"end":{"line":107,"column":45}},"8":{"start":{"line":120,"column":4},"end":{"line":120,"column":47}},"9":{"start":{"line":121,"column":4},"end":{"line":121,"column":56}},"10":{"start":{"line":121,"column":39},"end":{"line":121,"column":56}},"11":{"start":{"line":122,"column":4},"end":{"line":122,"column":76}},"12":{"start":{"line":122,"column":35},"end":{"line":122,"column":74}},"13":{"start":{"line":140,"column":4},"end":{"line":140,"column":56}},"14":{"start":{"line":140,"column":49},"end":{"line":140,"column":56}},"15":{"start":{"line":141,"column":4},"end":{"line":141,"column":76}},"16":{"start":{"line":141,"column":69},"end":{"line":141,"column":76}},"17":{"start":{"line":144,"column":4},"end":{"line":144,"column":66}},"18":{"start":{"line":144,"column":59},"end":{"line":144,"column":66}},"19":{"start":{"line":145,"column":4},"end":{"line":145,"column":60}},"20":{"start":{"line":145,"column":53},"end":{"line":145,"column":60}},"21":{"start":{"line":147,"column":36},"end":{"line":158,"column":5}},"22":{"start":{"line":160,"column":4},"end":{"line":160,"column":27}},"23":{"start":{"line":162,"column":4},"end":{"line":162,"column":54}},"24":{"start":{"line":163,"column":4},"end":{"line":163,"column":48}},"25":{"start":{"line":165,"column":4},"end":{"line":175,"column":7}},"26":{"start":{"line":184,"column":4},"end":{"line":184,"column":69}},"27":{"start":{"line":184,"column":37},"end":{"line":184,"column":67}},"28":{"start":{"line":191,"column":4},"end":{"line":191,"column":21}},"29":{"start":{"line":199,"column":4},"end":{"line":199,"column":18}},"30":{"start":{"line":200,"column":4},"end":{"line":200,"column":48}},"31":{"start":{"line":201,"column":4},"end":{"line":201,"column":45}},"32":{"start":{"line":213,"column":4},"end":{"line":213,"column":41}},"33":{"start":{"line":213,"column":30},"end":{"line":213,"column":38}},"34":{"start":{"line":222,"column":18},"end":{"line":222,"column":36}},"35":{"start":{"line":223,"column":4},"end":{"line":223,"column":35}},"36":{"start":{"line":223,"column":26},"end":{"line":223,"column":33}},"37":{"start":{"line":231,"column":4},"end":{"line":231,"column":72}},"38":{"start":{"line":238,"column":4},"end":{"line":238,"column":27}},"39":{"start":{"line":245,"column":4},"end":{"line":245,"column":18}},"40":{"start":{"line":246,"column":4},"end":{"line":246,"column":48}},"41":{"start":{"line":247,"column":4},"end":{"line":247,"column":45}},"42":{"start":{"line":255,"column":4},"end":{"line":255,"column":29}},"43":{"start":{"line":256,"column":4},"end":{"line":256,"column":45}},"44":{"start":{"line":256,"column":17},"end":{"line":256,"column":44}},"45":{"start":{"line":264,"column":4},"end":{"line":264,"column":58}}},"fnMap":{"0":{"name":"isVHDigitContract","decl":{"start":{"line":46,"column":16},"end":{"line":46,"column":33}},"loc":{"start":{"line":46,"column":65},"end":{"line":48,"column":1}},"line":46},"1":{"name":"appendExitDigit","decl":{"start":{"line":119,"column":16},"end":{"line":119,"column":31}},"loc":{"start":{"line":119,"column":61},"end":{"line":123,"column":1}},"line":119},"2":{"name":"(anonymous_2)","decl":{"start":{"line":122,"column":23},"end":{"line":122,"column":24}},"loc":{"start":{"line":122,"column":35},"end":{"line":122,"column":74}},"line":122},"3":{"name":"onTransactionCommitted","decl":{"start":{"line":138,"column":16},"end":{"line":138,"column":38}},"loc":{"start":{"line":138,"column":72},"end":{"line":176,"column":1}},"line":138},"4":{"name":"connectExitDigitHistoryToStore","decl":{"start":{"line":183,"column":16},"end":{"line":183,"column":46}},"loc":{"start":{"line":183,"column":85},"end":{"line":185,"column":1}},"line":183},"5":{"name":"(anonymous_5)","decl":{"start":{"line":184,"column":27},"end":{"line":184,"column":28}},"loc":{"start":{"line":184,"column":37},"end":{"line":184,"column":67}},"line":184},"6":{"name":"setExitDigitHistoryLogger","decl":{"start":{"line":190,"column":16},"end":{"line":190,"column":41}},"loc":{"start":{"line":190,"column":66},"end":{"line":192,"column":1}},"line":190},"7":{"name":"resetExitDigitHistory","decl":{"start":{"line":198,"column":16},"end":{"line":198,"column":37}},"loc":{"start":{"line":198,"column":46},"end":{"line":202,"column":1}},"line":198},"8":{"name":"getExitDigitHistory","decl":{"start":{"line":212,"column":16},"end":{"line":212,"column":35}},"loc":{"start":{"line":212,"column":56},"end":{"line":214,"column":1}},"line":212},"9":{"name":"(anonymous_9)","decl":{"start":{"line":213,"column":24},"end":{"line":213,"column":25}},"loc":{"start":{"line":213,"column":30},"end":{"line":213,"column":38}},"line":213},"10":{"name":"getLastNDigits","decl":{"start":{"line":221,"column":16},"end":{"line":221,"column":30}},"loc":{"start":{"line":221,"column":52},"end":{"line":224,"column":1}},"line":221},"11":{"name":"(anonymous_11)","decl":{"start":{"line":223,"column":21},"end":{"line":223,"column":22}},"loc":{"start":{"line":223,"column":26},"end":{"line":223,"column":33}},"line":223},"12":{"name":"getLastExitDigit","decl":{"start":{"line":230,"column":16},"end":{"line":230,"column":32}},"loc":{"start":{"line":230,"column":50},"end":{"line":232,"column":1}},"line":230},"13":{"name":"getExitDigitCount","decl":{"start":{"line":237,"column":16},"end":{"line":237,"column":33}},"loc":{"start":{"line":237,"column":44},"end":{"line":239,"column":1}},"line":237},"14":{"name":"clearExitDigitHistory","decl":{"start":{"line":244,"column":16},"end":{"line":244,"column":37}},"loc":{"start":{"line":244,"column":46},"end":{"line":248,"column":1}},"line":244},"15":{"name":"subscribeToExitDigitHistory","decl":{"start":{"line":254,"column":16},"end":{"line":254,"column":43}},"loc":{"start":{"line":254,"column":92},"end":{"line":257,"column":1}},"line":254},"16":{"name":"(anonymous_16)","decl":{"start":{"line":256,"column":11},"end":{"line":256,"column":12}},"loc":{"start":{"line":256,"column":17},"end":{"line":256,"column":44}},"line":256},"17":{"name":"extractLastDigit","decl":{"start":{"line":263,"column":16},"end":{"line":263,"column":32}},"loc":{"start":{"line":263,"column":63},"end":{"line":265,"column":1}},"line":263}},"branchMap":{"0":{"loc":{"start":{"line":121,"column":4},"end":{"line":121,"column":56}},"type":"if","locations":[{"start":{"line":121,"column":4},"end":{"line":121,"column":56}},{"start":{},"end":{}}],"line":121},"1":{"loc":{"start":{"line":140,"column":4},"end":{"line":140,"column":56}},"type":"if","locations":[{"start":{"line":140,"column":4},"end":{"line":140,"column":56}},{"start":{},"end":{}}],"line":140},"2":{"loc":{"start":{"line":141,"column":4},"end":{"line":141,"column":76}},"type":"if","locations":[{"start":{"line":141,"column":4},"end":{"line":141,"column":76}},{"start":{},"end":{}}],"line":141},"3":{"loc":{"start":{"line":141,"column":8},"end":{"line":141,"column":67}},"type":"binary-expr","locations":[{"start":{"line":141,"column":8},"end":{"line":141,"column":33}},{"start":{"line":141,"column":37},"end":{"line":141,"column":67}}],"line":141},"4":{"loc":{"start":{"line":144,"column":4},"end":{"line":144,"column":66}},"type":"if","locations":[{"start":{"line":144,"column":4},"end":{"line":144,"column":66}},{"start":{},"end":{}}],"line":144},"5":{"loc":{"start":{"line":145,"column":4},"end":{"line":145,"column":60}},"type":"if","locations":[{"start":{"line":145,"column":4},"end":{"line":145,"column":60}},{"start":{},"end":{}}],"line":145},"6":{"loc":{"start":{"line":231,"column":11},"end":{"line":231,"column":71}},"type":"cond-expr","locations":[{"start":{"line":231,"column":29},"end":{"line":231,"column":64}},{"start":{"line":231,"column":67},"end":{"line":231,"column":71}}],"line":231}},"s":{"0":2,"1":1292,"2":2,"3":2,"4":2,"5":2,"6":2,"7":2,"8":1298,"9":1298,"10":1102,"11":1298,"12":6,"13":1279,"14":7,"15":1272,"16":1,"17":1271,"18":2,"19":1269,"20":1,"21":1268,"22":1268,"23":1268,"24":1268,"25":1268,"26":29,"27":1273,"28":13,"29":56,"30":56,"31":56,"32":21,"33":161,"34":3,"35":3,"36":8,"37":0,"38":23,"39":1,"40":1,"41":1,"42":4,"43":4,"44":4,"45":0},"f":{"0":1292,"1":1298,"2":6,"3":1279,"4":29,"5":1273,"6":13,"7":56,"8":21,"9":161,"10":3,"11":8,"12":0,"13":23,"14":1,"15":4,"16":4,"17":0},"b":{"0":[1102,196],"1":[7,1272],"2":[1,1271],"3":[1272,1271],"4":[2,1269],"5":[1,1268],"6":[0,0]},"_coverageSchema":"1a1c01bbd47fc00a2c39e90264f33305004495a9","hash":"2d7fc2e8bbb90940d9ec59dc9475c1f85da0e1c1"}
,"C:\\Users\\cliff\\Desktop\\WARNER\\flex\\artifacts\\ddbot-app\\src\\bot\\virtualHook\\SettlementEngine.ts": {"path":"C:\\Users\\cliff\\Desktop\\WARNER\\flex\\artifacts\\ddbot-app\\src\\bot\\virtualHook\\SettlementEngine.ts","statementMap":{"0":{"start":{"line":17,"column":36},"end":{"line":28,"column":2}},"1":{"start":{"line":33,"column":22},"end":{"line":33,"column":26}},"2":{"start":{"line":50,"column":18},"end":{"line":50,"column":35}},"3":{"start":{"line":51,"column":17},"end":{"line":51,"column":101}},"4":{"start":{"line":53,"column":4},"end":{"line":81,"column":5}},"5":{"start":{"line":56,"column":12},"end":{"line":56,"column":69}},"6":{"start":{"line":59,"column":12},"end":{"line":59,"column":69}},"7":{"start":{"line":62,"column":12},"end":{"line":62,"column":67}},"8":{"start":{"line":65,"column":12},"end":{"line":65,"column":73}},"9":{"start":{"line":67,"column":12},"end":{"line":67,"column":35}},"10":{"start":{"line":69,"column":12},"end":{"line":69,"column":35}},"11":{"start":{"line":73,"column":12},"end":{"line":73,"column":29}},"12":{"start":{"line":76,"column":12},"end":{"line":76,"column":30}},"13":{"start":{"line":80,"column":12},"end":{"line":80,"column":35}},"14":{"start":{"line":102,"column":16},"end":{"line":102,"column":91}},"15":{"start":{"line":103,"column":4},"end":{"line":108,"column":6}},"16":{"start":{"line":116,"column":4},"end":{"line":116,"column":50}}},"fnMap":{"0":{"name":"isDigitContractWin","decl":{"start":{"line":45,"column":16},"end":{"line":45,"column":34}},"loc":{"start":{"line":49,"column":11},"end":{"line":82,"column":1}},"line":49},"1":{"name":"settleDigitContract","decl":{"start":{"line":101,"column":16},"end":{"line":101,"column":35}},"loc":{"start":{"line":101,"column":100},"end":{"line":109,"column":1}},"line":101},"2":{"name":"isDigitContract","decl":{"start":{"line":115,"column":16},"end":{"line":115,"column":31}},"loc":{"start":{"line":115,"column":63},"end":{"line":117,"column":1}},"line":115}},"branchMap":{"0":{"loc":{"start":{"line":48,"column":4},"end":{"line":48,"column":45}},"type":"default-arg","locations":[{"start":{"line":48,"column":32},"end":{"line":48,"column":45}}],"line":48},"1":{"loc":{"start":{"line":51,"column":17},"end":{"line":51,"column":101}},"type":"cond-expr","locations":[{"start":{"line":51,"column":67},"end":{"line":51,"column":85}},{"start":{"line":51,"column":88},"end":{"line":51,"column":101}}],"line":51},"2":{"loc":{"start":{"line":51,"column":17},"end":{"line":51,"column":64}},"type":"binary-expr","locations":[{"start":{"line":51,"column":17},"end":{"line":51,"column":36}},{"start":{"line":51,"column":40},"end":{"line":51,"column":64}}],"line":51},"3":{"loc":{"start":{"line":53,"column":4},"end":{"line":81,"column":5}},"type":"switch","locations":[{"start":{"line":54,"column":8},"end":{"line":56,"column":69}},{"start":{"line":57,"column":8},"end":{"line":59,"column":69}},{"start":{"line":60,"column":8},"end":{"line":62,"column":67}},{"start":{"line":63,"column":8},"end":{"line":65,"column":73}},{"start":{"line":66,"column":8},"end":{"line":67,"column":35}},{"start":{"line":68,"column":8},"end":{"line":69,"column":35}},{"start":{"line":70,"column":8},"end":{"line":70,"column":20}},{"start":{"line":71,"column":8},"end":{"line":73,"column":29}},{"start":{"line":74,"column":8},"end":{"line":74,"column":19}},{"start":{"line":75,"column":8},"end":{"line":76,"column":30}},{"start":{"line":77,"column":8},"end":{"line":80,"column":35}}],"line":53},"4":{"loc":{"start":{"line":56,"column":19},"end":{"line":56,"column":68}},"type":"cond-expr","locations":[{"start":{"line":56,"column":44},"end":{"line":56,"column":56}},{"start":{"line":56,"column":59},"end":{"line":56,"column":68}}],"line":56},"5":{"loc":{"start":{"line":59,"column":19},"end":{"line":59,"column":68}},"type":"cond-expr","locations":[{"start":{"line":59,"column":44},"end":{"line":59,"column":56}},{"start":{"line":59,"column":59},"end":{"line":59,"column":68}}],"line":59},"6":{"loc":{"start":{"line":62,"column":19},"end":{"line":62,"column":66}},"type":"cond-expr","locations":[{"start":{"line":62,"column":44},"end":{"line":62,"column":58}},{"start":{"line":62,"column":61},"end":{"line":62,"column":66}}],"line":62},"7":{"loc":{"start":{"line":65,"column":19},"end":{"line":65,"column":72}},"type":"cond-expr","locations":[{"start":{"line":65,"column":44},"end":{"line":65,"column":58}},{"start":{"line":65,"column":61},"end":{"line":65,"column":72}}],"line":65}},"s":{"0":4,"1":4,"2":2125,"3":2125,"4":2125,"5":2039,"6":16,"7":14,"8":14,"9":16,"10":14,"11":5,"12":5,"13":2,"14":2023,"15":2023,"16":2033},"f":{"0":2125,"1":2023,"2":2033},"b":{"0":[49],"1":[2072,53],"2":[2125,2072],"3":[2039,16,14,14,16,14,3,5,3,5,2],"4":[2035,4],"5":[12,4],"6":[13,1],"7":[12,2]},"_coverageSchema":"1a1c01bbd47fc00a2c39e90264f33305004495a9","hash":"3df95fbb2138578e8f63763b882e1523b4b44e2d"}
,"C:\\Users\\cliff\\Desktop\\WARNER\\flex\\artifacts\\ddbot-app\\src\\bot\\virtualHook\\SummaryStore.ts": {"path":"C:\\Users\\cliff\\Desktop\\WARNER\\flex\\artifacts\\ddbot-app\\src\\bot\\virtualHook\\SummaryStore.ts","statementMap":{"0":{"start":{"line":89,"column":34},"end":{"line":89,"column":54}},"1":{"start":{"line":95,"column":8},"end":{"line":95,"column":36}},"2":{"start":{"line":103,"column":32},"end":{"line":103,"column":45}},"3":{"start":{"line":104,"column":8},"end":{"line":104,"column":61}},"4":{"start":{"line":106,"column":8},"end":{"line":115,"column":11}},"5":{"start":{"line":120,"column":8},"end":{"line":120,"column":45}},"6":{"start":{"line":124,"column":23},"end":{"line":124,"column":36}},"7":{"start":{"line":125,"column":21},"end":{"line":125,"column":56}},"8":{"start":{"line":126,"column":23},"end":{"line":126,"column":60}},"9":{"start":{"line":127,"column":28},"end":{"line":127,"column":51}},"10":{"start":{"line":129,"column":28},"end":{"line":129,"column":91}},"11":{"start":{"line":130,"column":26},"end":{"line":130,"column":95}},"12":{"start":{"line":132,"column":8},"end":{"line":141,"column":10}},"13":{"start":{"line":145,"column":8},"end":{"line":154,"column":10}}},"fnMap":{"0":{"name":"(anonymous_0)","decl":{"start":{"line":91,"column":4},"end":{"line":91,"column":5}},"loc":{"start":{"line":91,"column":75},"end":{"line":91,"column":77}},"line":91},"1":{"name":"(anonymous_1)","decl":{"start":{"line":94,"column":4},"end":{"line":94,"column":5}},"loc":{"start":{"line":94,"column":28},"end":{"line":96,"column":5}},"line":94},"2":{"name":"(anonymous_2)","decl":{"start":{"line":102,"column":4},"end":{"line":102,"column":5}},"loc":{"start":{"line":102,"column":60},"end":{"line":116,"column":5}},"line":102},"3":{"name":"(anonymous_3)","decl":{"start":{"line":119,"column":4},"end":{"line":119,"column":5}},"loc":{"start":{"line":119,"column":18},"end":{"line":121,"column":5}},"line":119},"4":{"name":"(anonymous_4)","decl":{"start":{"line":123,"column":4},"end":{"line":123,"column":5}},"loc":{"start":{"line":123,"column":77},"end":{"line":142,"column":5}},"line":123},"5":{"name":"(anonymous_5)","decl":{"start":{"line":144,"column":4},"end":{"line":144,"column":5}},"loc":{"start":{"line":144,"column":39},"end":{"line":155,"column":5}},"line":144}},"branchMap":{"0":{"loc":{"start":{"line":91,"column":33},"end":{"line":91,"column":73}},"type":"default-arg","locations":[{"start":{"line":91,"column":52},"end":{"line":91,"column":73}}],"line":91},"1":{"loc":{"start":{"line":125,"column":37},"end":{"line":125,"column":55}},"type":"cond-expr","locations":[{"start":{"line":125,"column":50},"end":{"line":125,"column":51}},{"start":{"line":125,"column":54},"end":{"line":125,"column":55}}],"line":125},"2":{"loc":{"start":{"line":126,"column":41},"end":{"line":126,"column":59}},"type":"cond-expr","locations":[{"start":{"line":126,"column":54},"end":{"line":126,"column":55}},{"start":{"line":126,"column":58},"end":{"line":126,"column":59}}],"line":126},"3":{"loc":{"start":{"line":129,"column":28},"end":{"line":129,"column":91}},"type":"cond-expr","locations":[{"start":{"line":129,"column":41},"end":{"line":129,"column":69}},{"start":{"line":129,"column":72},"end":{"line":129,"column":91}}],"line":129},"4":{"loc":{"start":{"line":130,"column":26},"end":{"line":130,"column":95}},"type":"cond-expr","locations":[{"start":{"line":130,"column":39},"end":{"line":130,"column":75}},{"start":{"line":130,"column":78},"end":{"line":130,"column":95}}],"line":130},"5":{"loc":{"start":{"line":139,"column":21},"end":{"line":139,"column":61}},"type":"cond-expr","locations":[{"start":{"line":139,"column":39},"end":{"line":139,"column":57}},{"start":{"line":139,"column":60},"end":{"line":139,"column":61}}],"line":139}},"s":{"0":25,"1":48,"2":1263,"3":1263,"4":1263,"5":1,"6":1263,"7":1263,"8":1263,"9":1263,"10":1263,"11":1263,"12":1263,"13":26},"f":{"0":25,"1":48,"2":1263,"3":1,"4":1263,"5":26},"b":{"0":[9],"1":[472,791],"2":[472,791],"3":[472,791],"4":[791,472],"5":[1263,0]},"_coverageSchema":"1a1c01bbd47fc00a2c39e90264f33305004495a9","hash":"4d700587b032ac5188a0697f3ebdc048e70942d2"}
,"C:\\Users\\cliff\\Desktop\\WARNER\\flex\\artifacts\\ddbot-app\\src\\bot\\virtualHook\\TradeCandidate.ts": {"path":"C:\\Users\\cliff\\Desktop\\WARNER\\flex\\artifacts\\ddbot-app\\src\\bot\\virtualHook\\TradeCandidate.ts","statementMap":{"0":{"start":{"line":85,"column":4},"end":{"line":85,"column":58}},"1":{"start":{"line":85,"column":45},"end":{"line":85,"column":58}},"2":{"start":{"line":86,"column":14},"end":{"line":86,"column":46}},"3":{"start":{"line":87,"column":4},"end":{"line":99,"column":6}}},"fnMap":{"0":{"name":"isTradeCandidate","decl":{"start":{"line":84,"column":16},"end":{"line":84,"column":32}},"loc":{"start":{"line":84,"column":74},"end":{"line":100,"column":1}},"line":84}},"branchMap":{"0":{"loc":{"start":{"line":85,"column":4},"end":{"line":85,"column":58}},"type":"if","locations":[{"start":{"line":85,"column":4},"end":{"line":85,"column":58}},{"start":{},"end":{}}],"line":85},"1":{"loc":{"start":{"line":85,"column":8},"end":{"line":85,"column":43}},"type":"binary-expr","locations":[{"start":{"line":85,"column":8},"end":{"line":85,"column":14}},{"start":{"line":85,"column":18},"end":{"line":85,"column":43}}],"line":85},"2":{"loc":{"start":{"line":88,"column":8},"end":{"line":98,"column":41}},"type":"binary-expr","locations":[{"start":{"line":88,"column":8},"end":{"line":88,"column":38}},{"start":{"line":89,"column":8},"end":{"line":89,"column":36}},{"start":{"line":90,"column":8},"end":{"line":90,"column":62}},{"start":{"line":91,"column":8},"end":{"line":91,"column":42}},{"start":{"line":92,"column":8},"end":{"line":92,"column":36}},{"start":{"line":93,"column":8},"end":{"line":93,"column":39}},{"start":{"line":94,"column":8},"end":{"line":94,"column":38}},{"start":{"line":95,"column":8},"end":{"line":95,"column":42}},{"start":{"line":96,"column":8},"end":{"line":96,"column":38}},{"start":{"line":97,"column":8},"end":{"line":97,"column":35}},{"start":{"line":98,"column":8},"end":{"line":98,"column":41}}],"line":88}},"s":{"0":2012,"1":0,"2":2012,"3":2012},"f":{"0":2012},"b":{"0":[0,2012],"1":[2012,2012],"2":[2012,2012,2012,2012,2011,2011,2011,2011,2011,2011,2011]},"_coverageSchema":"1a1c01bbd47fc00a2c39e90264f33305004495a9","hash":"7f73e4b07a45c8c4219ca5fe796aad60af3a4c00"}
,"C:\\Users\\cliff\\Desktop\\WARNER\\flex\\artifacts\\ddbot-app\\src\\bot\\virtualHook\\TransactionPipeline.ts": {"path":"C:\\Users\\cliff\\Desktop\\WARNER\\flex\\artifacts\\ddbot-app\\src\\bot\\virtualHook\\TransactionPipeline.ts","statementMap":{"0":{"start":{"line":117,"column":53},"end":{"line":132,"column":9}},"1":{"start":{"line":133,"column":8},"end":{"line":138,"column":10}},"2":{"start":{"line":175,"column":28},"end":{"line":175,"column":52}},"3":{"start":{"line":176,"column":23},"end":{"line":176,"column":68}},"4":{"start":{"line":178,"column":35},"end":{"line":178,"column":37}},"5":{"start":{"line":179,"column":8},"end":{"line":181,"column":9}},"6":{"start":{"line":180,"column":12},"end":{"line":180,"column":115}},"7":{"start":{"line":183,"column":8},"end":{"line":188,"column":10}},"8":{"start":{"line":196,"column":8},"end":{"line":211,"column":10}}},"fnMap":{"0":{"name":"(anonymous_0)","decl":{"start":{"line":116,"column":4},"end":{"line":116,"column":5}},"loc":{"start":{"line":116,"column":73},"end":{"line":139,"column":5}},"line":116},"1":{"name":"(anonymous_1)","decl":{"start":{"line":172,"column":4},"end":{"line":172,"column":5}},"loc":{"start":{"line":172,"column":59},"end":{"line":172,"column":61}},"line":172},"2":{"name":"(anonymous_2)","decl":{"start":{"line":174,"column":4},"end":{"line":174,"column":5}},"loc":{"start":{"line":174,"column":73},"end":{"line":189,"column":5}},"line":174},"3":{"name":"(anonymous_3)","decl":{"start":{"line":195,"column":4},"end":{"line":195,"column":5}},"loc":{"start":{"line":195,"column":68},"end":{"line":212,"column":5}},"line":195}},"branchMap":{"0":{"loc":{"start":{"line":125,"column":20},"end":{"line":125,"column":93}},"type":"cond-expr","locations":[{"start":{"line":125,"column":47},"end":{"line":125,"column":68}},{"start":{"line":125,"column":71},"end":{"line":125,"column":93}}],"line":125},"1":{"loc":{"start":{"line":126,"column":17},"end":{"line":126,"column":50}},"type":"binary-expr","locations":[{"start":{"line":126,"column":17},"end":{"line":126,"column":41}},{"start":{"line":126,"column":45},"end":{"line":126,"column":50}}],"line":126},"2":{"loc":{"start":{"line":128,"column":24},"end":{"line":128,"column":62}},"type":"binary-expr","locations":[{"start":{"line":128,"column":24},"end":{"line":128,"column":51}},{"start":{"line":128,"column":55},"end":{"line":128,"column":62}}],"line":128},"3":{"loc":{"start":{"line":130,"column":23},"end":{"line":130,"column":55}},"type":"binary-expr","locations":[{"start":{"line":130,"column":23},"end":{"line":130,"column":41}},{"start":{"line":130,"column":45},"end":{"line":130,"column":55}}],"line":130},"4":{"loc":{"start":{"line":179,"column":8},"end":{"line":181,"column":9}},"type":"if","locations":[{"start":{"line":179,"column":8},"end":{"line":181,"column":9}},{"start":{},"end":{}}],"line":179},"5":{"loc":{"start":{"line":184,"column":25},"end":{"line":184,"column":53}},"type":"binary-expr","locations":[{"start":{"line":184,"column":25},"end":{"line":184,"column":38}},{"start":{"line":184,"column":42},"end":{"line":184,"column":53}}],"line":184},"6":{"loc":{"start":{"line":204,"column":20},"end":{"line":204,"column":93}},"type":"cond-expr","locations":[{"start":{"line":204,"column":47},"end":{"line":204,"column":68}},{"start":{"line":204,"column":71},"end":{"line":204,"column":93}}],"line":204},"7":{"loc":{"start":{"line":205,"column":17},"end":{"line":205,"column":50}},"type":"binary-expr","locations":[{"start":{"line":205,"column":17},"end":{"line":205,"column":41}},{"start":{"line":205,"column":45},"end":{"line":205,"column":50}}],"line":205},"8":{"loc":{"start":{"line":207,"column":24},"end":{"line":207,"column":62}},"type":"binary-expr","locations":[{"start":{"line":207,"column":24},"end":{"line":207,"column":51}},{"start":{"line":207,"column":55},"end":{"line":207,"column":62}}],"line":207},"9":{"loc":{"start":{"line":209,"column":23},"end":{"line":209,"column":55}},"type":"binary-expr","locations":[{"start":{"line":209,"column":23},"end":{"line":209,"column":41}},{"start":{"line":209,"column":45},"end":{"line":209,"column":55}}],"line":209}},"s":{"0":1006,"1":1006,"2":11,"3":11,"4":11,"5":11,"6":2,"7":11,"8":11},"f":{"0":1006,"1":10,"2":11,"3":11},"b":{"0":[1006,0],"1":[1006,0],"2":[1006,0],"3":[1006,0],"4":[2,9],"5":[11,0],"6":[11,0],"7":[11,0],"8":[11,0],"9":[11,0]},"_coverageSchema":"1a1c01bbd47fc00a2c39e90264f33305004495a9","hash":"4d13cf0aace3cdeb7df9caf4bbf2d5eeaf890669"}
,"C:\\Users\\cliff\\Desktop\\WARNER\\flex\\artifacts\\ddbot-app\\src\\bot\\virtualHook\\TransactionsStore.ts": {"path":"C:\\Users\\cliff\\Desktop\\WARNER\\flex\\artifacts\\ddbot-app\\src\\bot\\virtualHook\\TransactionsStore.ts","statementMap":{"0":{"start":{"line":40,"column":8},"end":{"line":46,"column":11}},"1":{"start":{"line":47,"column":8},"end":{"line":47,"column":44}},"2":{"start":{"line":83,"column":53},"end":{"line":83,"column":55}},"3":{"start":{"line":84,"column":37},"end":{"line":84,"column":73}},"4":{"start":{"line":86,"column":34},"end":{"line":86,"column":70}},"5":{"start":{"line":87,"column":45},"end":{"line":87,"column":62}},"6":{"start":{"line":90,"column":8},"end":{"line":90,"column":44}},"7":{"start":{"line":111,"column":20},"end":{"line":111,"column":70}},"8":{"start":{"line":111,"column":49},"end":{"line":111,"column":69}},"9":{"start":{"line":113,"column":8},"end":{"line":113,"column":55}},"10":{"start":{"line":113,"column":44},"end":{"line":113,"column":53}},"11":{"start":{"line":114,"column":8},"end":{"line":114,"column":19}},"12":{"start":{"line":121,"column":8},"end":{"line":121,"column":53}},"13":{"start":{"line":121,"column":38},"end":{"line":121,"column":51}},"14":{"start":{"line":128,"column":18},"end":{"line":128,"column":52}},"15":{"start":{"line":129,"column":8},"end":{"line":129,"column":40}},"16":{"start":{"line":136,"column":8},"end":{"line":136,"column":36}},"17":{"start":{"line":144,"column":8},"end":{"line":144,"column":38}},"18":{"start":{"line":145,"column":8},"end":{"line":145,"column":54}},"19":{"start":{"line":145,"column":21},"end":{"line":145,"column":53}},"20":{"start":{"line":152,"column":8},"end":{"line":152,"column":27}},"21":{"start":{"line":153,"column":8},"end":{"line":153,"column":35}},"22":{"start":{"line":161,"column":25},"end":{"line":161,"column":66}},"23":{"start":{"line":162,"column":8},"end":{"line":164,"column":9}},"24":{"start":{"line":163,"column":12},"end":{"line":163,"column":69}},"25":{"start":{"line":167,"column":8},"end":{"line":178,"column":9}},"26":{"start":{"line":168,"column":12},"end":{"line":168,"column":39}},"27":{"start":{"line":171,"column":12},"end":{"line":177,"column":13}},"28":{"start":{"line":172,"column":16},"end":{"line":172,"column":43}},"29":{"start":{"line":176,"column":16},"end":{"line":176,"column":94}},"30":{"start":{"line":181,"column":23},"end":{"line":181,"column":43}},"31":{"start":{"line":184,"column":24},"end":{"line":184,"column":50}},"32":{"start":{"line":185,"column":8},"end":{"line":185,"column":51}},"33":{"start":{"line":186,"column":8},"end":{"line":186,"column":32}},"34":{"start":{"line":187,"column":8},"end":{"line":187,"column":58}},"35":{"start":{"line":190,"column":8},"end":{"line":190,"column":62}},"36":{"start":{"line":190,"column":44},"end":{"line":190,"column":60}},"37":{"start":{"line":192,"column":8},"end":{"line":192,"column":62}},"38":{"start":{"line":199,"column":8},"end":{"line":199,"column":74}},"39":{"start":{"line":199,"column":41},"end":{"line":199,"column":74}},"40":{"start":{"line":200,"column":8},"end":{"line":200,"column":78}},"41":{"start":{"line":200,"column":43},"end":{"line":200,"column":78}},"42":{"start":{"line":201,"column":8},"end":{"line":201,"column":86}},"43":{"start":{"line":205,"column":8},"end":{"line":205,"column":44}},"44":{"start":{"line":209,"column":8},"end":{"line":209,"column":29}}},"fnMap":{"0":{"name":"(anonymous_0)","decl":{"start":{"line":39,"column":4},"end":{"line":39,"column":5}},"loc":{"start":{"line":39,"column":53},"end":{"line":48,"column":5}},"line":39},"1":{"name":"(anonymous_1)","decl":{"start":{"line":89,"column":4},"end":{"line":89,"column":5}},"loc":{"start":{"line":89,"column":44},"end":{"line":91,"column":5}},"line":89},"2":{"name":"(anonymous_2)","decl":{"start":{"line":90,"column":34},"end":{"line":90,"column":35}},"loc":{"start":{"line":90,"column":40},"end":{"line":90,"column":42}},"line":90},"3":{"name":"(anonymous_3)","decl":{"start":{"line":110,"column":4},"end":{"line":110,"column":5}},"loc":{"start":{"line":110,"column":113},"end":{"line":115,"column":5}},"line":110},"4":{"name":"(anonymous_4)","decl":{"start":{"line":111,"column":43},"end":{"line":111,"column":44}},"loc":{"start":{"line":111,"column":49},"end":{"line":111,"column":69}},"line":111},"5":{"name":"(anonymous_5)","decl":{"start":{"line":113,"column":38},"end":{"line":113,"column":39}},"loc":{"start":{"line":113,"column":44},"end":{"line":113,"column":53}},"line":113},"6":{"name":"(anonymous_6)","decl":{"start":{"line":120,"column":4},"end":{"line":120,"column":5}},"loc":{"start":{"line":120,"column":38},"end":{"line":122,"column":5}},"line":120},"7":{"name":"(anonymous_7)","decl":{"start":{"line":121,"column":33},"end":{"line":121,"column":34}},"loc":{"start":{"line":121,"column":38},"end":{"line":121,"column":51}},"line":121},"8":{"name":"(anonymous_8)","decl":{"start":{"line":127,"column":4},"end":{"line":127,"column":5}},"loc":{"start":{"line":127,"column":66},"end":{"line":130,"column":5}},"line":127},"9":{"name":"(anonymous_9)","decl":{"start":{"line":135,"column":4},"end":{"line":135,"column":5}},"loc":{"start":{"line":135,"column":24},"end":{"line":137,"column":5}},"line":135},"10":{"name":"(anonymous_10)","decl":{"start":{"line":143,"column":4},"end":{"line":143,"column":5}},"loc":{"start":{"line":143,"column":63},"end":{"line":146,"column":5}},"line":143},"11":{"name":"(anonymous_11)","decl":{"start":{"line":145,"column":15},"end":{"line":145,"column":16}},"loc":{"start":{"line":145,"column":21},"end":{"line":145,"column":53}},"line":145},"12":{"name":"(anonymous_12)","decl":{"start":{"line":151,"column":4},"end":{"line":151,"column":5}},"loc":{"start":{"line":151,"column":18},"end":{"line":154,"column":5}},"line":151},"13":{"name":"(anonymous_13)","decl":{"start":{"line":160,"column":4},"end":{"line":160,"column":5}},"loc":{"start":{"line":160,"column":119},"end":{"line":193,"column":5}},"line":160},"14":{"name":"(anonymous_14)","decl":{"start":{"line":190,"column":32},"end":{"line":190,"column":33}},"loc":{"start":{"line":190,"column":44},"end":{"line":190,"column":60}},"line":190},"15":{"name":"(anonymous_15)","decl":{"start":{"line":198,"column":4},"end":{"line":198,"column":5}},"loc":{"start":{"line":198,"column":88},"end":{"line":202,"column":5}},"line":198},"16":{"name":"(anonymous_16)","decl":{"start":{"line":204,"column":4},"end":{"line":204,"column":5}},"loc":{"start":{"line":204,"column":66},"end":{"line":206,"column":5}},"line":204},"17":{"name":"(anonymous_17)","decl":{"start":{"line":208,"column":4},"end":{"line":208,"column":5}},"loc":{"start":{"line":208,"column":64},"end":{"line":210,"column":5}},"line":208}},"branchMap":{"0":{"loc":{"start":{"line":90,"column":23},"end":{"line":90,"column":43}},"type":"binary-expr","locations":[{"start":{"line":90,"column":23},"end":{"line":90,"column":29}},{"start":{"line":90,"column":34},"end":{"line":90,"column":42}}],"line":90},"1":{"loc":{"start":{"line":129,"column":15},"end":{"line":129,"column":39}},"type":"cond-expr","locations":[{"start":{"line":129,"column":19},"end":{"line":129,"column":32}},{"start":{"line":129,"column":35},"end":{"line":129,"column":39}}],"line":129},"2":{"loc":{"start":{"line":162,"column":8},"end":{"line":164,"column":9}},"type":"if","locations":[{"start":{"line":162,"column":8},"end":{"line":164,"column":9}},{"start":{},"end":{}}],"line":162},"3":{"loc":{"start":{"line":176,"column":67},"end":{"line":176,"column":92}},"type":"binary-expr","locations":[{"start":{"line":176,"column":67},"end":{"line":176,"column":78}},{"start":{"line":176,"column":82},"end":{"line":176,"column":92}}],"line":176},"4":{"loc":{"start":{"line":199,"column":8},"end":{"line":199,"column":74}},"type":"if","locations":[{"start":{"line":199,"column":8},"end":{"line":199,"column":74}},{"start":{},"end":{}}],"line":199},"5":{"loc":{"start":{"line":200,"column":8},"end":{"line":200,"column":78}},"type":"if","locations":[{"start":{"line":200,"column":8},"end":{"line":200,"column":78}},{"start":{},"end":{}}],"line":200},"6":{"loc":{"start":{"line":201,"column":15},"end":{"line":201,"column":85}},"type":"cond-expr","locations":[{"start":{"line":201,"column":45},"end":{"line":201,"column":47}},{"start":{"line":201,"column":50},"end":{"line":201,"column":85}}],"line":201},"7":{"loc":{"start":{"line":201,"column":50},"end":{"line":201,"column":85}},"type":"cond-expr","locations":[{"start":{"line":201,"column":80},"end":{"line":201,"column":81}},{"start":{"line":201,"column":84},"end":{"line":201,"column":85}}],"line":201}},"s":{"0":8,"1":8,"2":78,"3":78,"4":78,"5":78,"6":78,"7":3928,"8":3928,"9":3928,"10":8,"11":3928,"12":4,"13":205,"14":9,"15":9,"16":14,"17":85,"18":85,"19":2,"20":3,"21":3,"22":3928,"23":3928,"24":26,"25":3902,"26":3902,"27":9,"28":9,"29":8,"30":3894,"31":3894,"32":3894,"33":3894,"34":3894,"35":3894,"36":3795,"37":3894,"38":1528330,"39":1528023,"40":307,"41":305,"42":2,"43":3894,"44":4132},"f":{"0":8,"1":78,"2":3889,"3":3928,"4":3928,"5":8,"6":4,"7":205,"8":9,"9":14,"10":85,"11":2,"12":3,"13":3928,"14":3795,"15":1528330,"16":3894,"17":4132},"b":{"0":[78,69],"1":[7,2],"2":[26,3902],"3":[8,0],"4":[1528023,307],"5":[305,2],"6":[0,2],"7":[2,0]},"_coverageSchema":"1a1c01bbd47fc00a2c39e90264f33305004495a9","hash":"45a637bbf0972af6d692646fb4d9e7922a346e1b"}
,"C:\\Users\\cliff\\Desktop\\WARNER\\flex\\artifacts\\ddbot-app\\src\\bot\\virtualHook\\VHConfig.ts": {"path":"C:\\Users\\cliff\\Desktop\\WARNER\\flex\\artifacts\\ddbot-app\\src\\bot\\virtualHook\\VHConfig.ts","statementMap":{"0":{"start":{"line":11,"column":35},"end":{"line":11,"column":39}},"1":{"start":{"line":55,"column":43},"end":{"line":65,"column":1}},"2":{"start":{"line":77,"column":4},"end":{"line":79,"column":5}},"3":{"start":{"line":78,"column":8},"end":{"line":78,"column":102}},"4":{"start":{"line":80,"column":4},"end":{"line":82,"column":5}},"5":{"start":{"line":81,"column":8},"end":{"line":81,"column":100}},"6":{"start":{"line":83,"column":4},"end":{"line":87,"column":5}},"7":{"start":{"line":84,"column":8},"end":{"line":86,"column":10}},"8":{"start":{"line":88,"column":4},"end":{"line":92,"column":5}},"9":{"start":{"line":89,"column":8},"end":{"line":91,"column":10}},"10":{"start":{"line":93,"column":4},"end":{"line":97,"column":5}},"11":{"start":{"line":94,"column":8},"end":{"line":96,"column":10}},"12":{"start":{"line":98,"column":4},"end":{"line":102,"column":5}},"13":{"start":{"line":99,"column":8},"end":{"line":101,"column":10}},"14":{"start":{"line":103,"column":4},"end":{"line":107,"column":5}},"15":{"start":{"line":104,"column":8},"end":{"line":106,"column":10}},"16":{"start":{"line":108,"column":4},"end":{"line":112,"column":5}},"17":{"start":{"line":109,"column":8},"end":{"line":111,"column":10}},"18":{"start":{"line":113,"column":4},"end":{"line":117,"column":5}},"19":{"start":{"line":114,"column":8},"end":{"line":116,"column":10}},"20":{"start":{"line":131,"column":29},"end":{"line":131,"column":67}},"21":{"start":{"line":134,"column":4},"end":{"line":134,"column":76}},"22":{"start":{"line":135,"column":4},"end":{"line":135,"column":74}},"23":{"start":{"line":136,"column":4},"end":{"line":139,"column":6}},"24":{"start":{"line":140,"column":4},"end":{"line":140,"column":82}},"25":{"start":{"line":141,"column":4},"end":{"line":141,"column":86}},"26":{"start":{"line":142,"column":4},"end":{"line":142,"column":96}},"27":{"start":{"line":143,"column":4},"end":{"line":146,"column":6}},"28":{"start":{"line":147,"column":4},"end":{"line":147,"column":84}},"29":{"start":{"line":152,"column":8},"end":{"line":152,"column":71}},"30":{"start":{"line":153,"column":4},"end":{"line":157,"column":5}},"31":{"start":{"line":154,"column":8},"end":{"line":156,"column":10}},"32":{"start":{"line":163,"column":4},"end":{"line":163,"column":63}},"33":{"start":{"line":165,"column":4},"end":{"line":165,"column":29}},"34":{"start":{"line":167,"column":4},"end":{"line":167,"column":18}}},"fnMap":{"0":{"name":"validateVHConfig","decl":{"start":{"line":76,"column":16},"end":{"line":76,"column":32}},"loc":{"start":{"line":76,"column":57},"end":{"line":118,"column":1}},"line":76},"1":{"name":"resolveVHConfig","decl":{"start":{"line":130,"column":16},"end":{"line":130,"column":31}},"loc":{"start":{"line":130,"column":73},"end":{"line":168,"column":1}},"line":130}},"branchMap":{"0":{"loc":{"start":{"line":77,"column":4},"end":{"line":79,"column":5}},"type":"if","locations":[{"start":{"line":77,"column":4},"end":{"line":79,"column":5}},{"start":{},"end":{}}],"line":77},"1":{"loc":{"start":{"line":77,"column":8},"end":{"line":77,"column":65}},"type":"binary-expr","locations":[{"start":{"line":77,"column":8},"end":{"line":77,"column":41}},{"start":{"line":77,"column":45},"end":{"line":77,"column":65}}],"line":77},"2":{"loc":{"start":{"line":80,"column":4},"end":{"line":82,"column":5}},"type":"if","locations":[{"start":{"line":80,"column":4},"end":{"line":82,"column":5}},{"start":{},"end":{}}],"line":80},"3":{"loc":{"start":{"line":80,"column":8},"end":{"line":80,"column":63}},"type":"binary-expr","locations":[{"start":{"line":80,"column":8},"end":{"line":80,"column":40}},{"start":{"line":80,"column":44},"end":{"line":80,"column":63}}],"line":80},"4":{"loc":{"start":{"line":83,"column":4},"end":{"line":87,"column":5}},"type":"if","locations":[{"start":{"line":83,"column":4},"end":{"line":87,"column":5}},{"start":{},"end":{}}],"line":83},"5":{"loc":{"start":{"line":88,"column":4},"end":{"line":92,"column":5}},"type":"if","locations":[{"start":{"line":88,"column":4},"end":{"line":92,"column":5}},{"start":{},"end":{}}],"line":88},"6":{"loc":{"start":{"line":88,"column":8},"end":{"line":88,"column":90}},"type":"binary-expr","locations":[{"start":{"line":88,"column":8},"end":{"line":88,"column":45}},{"start":{"line":88,"column":49},"end":{"line":88,"column":90}}],"line":88},"7":{"loc":{"start":{"line":93,"column":4},"end":{"line":97,"column":5}},"type":"if","locations":[{"start":{"line":93,"column":4},"end":{"line":97,"column":5}},{"start":{},"end":{}}],"line":93},"8":{"loc":{"start":{"line":93,"column":8},"end":{"line":93,"column":83}},"type":"binary-expr","locations":[{"start":{"line":93,"column":8},"end":{"line":93,"column":50}},{"start":{"line":93,"column":54},"end":{"line":93,"column":83}}],"line":93},"9":{"loc":{"start":{"line":98,"column":4},"end":{"line":102,"column":5}},"type":"if","locations":[{"start":{"line":98,"column":4},"end":{"line":102,"column":5}},{"start":{},"end":{}}],"line":98},"10":{"loc":{"start":{"line":98,"column":8},"end":{"line":98,"column":87}},"type":"binary-expr","locations":[{"start":{"line":98,"column":8},"end":{"line":98,"column":52}},{"start":{"line":98,"column":56},"end":{"line":98,"column":87}}],"line":98},"11":{"loc":{"start":{"line":103,"column":4},"end":{"line":107,"column":5}},"type":"if","locations":[{"start":{"line":103,"column":4},"end":{"line":107,"column":5}},{"start":{},"end":{}}],"line":103},"12":{"loc":{"start":{"line":103,"column":8},"end":{"line":103,"column":84}},"type":"binary-expr","locations":[{"start":{"line":103,"column":8},"end":{"line":103,"column":51}},{"start":{"line":103,"column":55},"end":{"line":103,"column":84}}],"line":103},"13":{"loc":{"start":{"line":108,"column":4},"end":{"line":112,"column":5}},"type":"if","locations":[{"start":{"line":108,"column":4},"end":{"line":112,"column":5}},{"start":{},"end":{}}],"line":108},"14":{"loc":{"start":{"line":108,"column":8},"end":{"line":108,"column":92}},"type":"binary-expr","locations":[{"start":{"line":108,"column":8},"end":{"line":108,"column":55}},{"start":{"line":108,"column":59},"end":{"line":108,"column":92}}],"line":108},"15":{"loc":{"start":{"line":113,"column":4},"end":{"line":117,"column":5}},"type":"if","locations":[{"start":{"line":113,"column":4},"end":{"line":117,"column":5}},{"start":{},"end":{}}],"line":113},"16":{"loc":{"start":{"line":113,"column":8},"end":{"line":113,"column":72}},"type":"binary-expr","locations":[{"start":{"line":113,"column":8},"end":{"line":113,"column":45}},{"start":{"line":113,"column":49},"end":{"line":113,"column":72}}],"line":113},"17":{"loc":{"start":{"line":134,"column":34},"end":{"line":134,"column":74}},"type":"binary-expr","locations":[{"start":{"line":134,"column":34},"end":{"line":134,"column":69}},{"start":{"line":134,"column":73},"end":{"line":134,"column":74}}],"line":134},"18":{"loc":{"start":{"line":135,"column":33},"end":{"line":135,"column":72}},"type":"binary-expr","locations":[{"start":{"line":135,"column":33},"end":{"line":135,"column":67}},{"start":{"line":135,"column":71},"end":{"line":135,"column":72}}],"line":135},"19":{"loc":{"start":{"line":138,"column":8},"end":{"line":138,"column":58}},"type":"binary-expr","locations":[{"start":{"line":138,"column":8},"end":{"line":138,"column":35}},{"start":{"line":138,"column":39},"end":{"line":138,"column":58}}],"line":138},"20":{"loc":{"start":{"line":140,"column":43},"end":{"line":140,"column":80}},"type":"binary-expr","locations":[{"start":{"line":140,"column":43},"end":{"line":140,"column":75}},{"start":{"line":140,"column":79},"end":{"line":140,"column":80}}],"line":140},"21":{"loc":{"start":{"line":141,"column":45},"end":{"line":141,"column":84}},"type":"binary-expr","locations":[{"start":{"line":141,"column":45},"end":{"line":141,"column":79}},{"start":{"line":141,"column":83},"end":{"line":141,"column":84}}],"line":141},"22":{"loc":{"start":{"line":142,"column":44},"end":{"line":142,"column":94}},"type":"binary-expr","locations":[{"start":{"line":142,"column":44},"end":{"line":142,"column":89}},{"start":{"line":142,"column":93},"end":{"line":142,"column":94}}],"line":142},"23":{"loc":{"start":{"line":145,"column":8},"end":{"line":145,"column":62}},"type":"binary-expr","locations":[{"start":{"line":145,"column":8},"end":{"line":145,"column":57}},{"start":{"line":145,"column":61},"end":{"line":145,"column":62}}],"line":145},"24":{"loc":{"start":{"line":147,"column":38},"end":{"line":147,"column":82}},"type":"binary-expr","locations":[{"start":{"line":147,"column":38},"end":{"line":147,"column":77}},{"start":{"line":147,"column":81},"end":{"line":147,"column":82}}],"line":147},"25":{"loc":{"start":{"line":152,"column":8},"end":{"line":152,"column":71}},"type":"binary-expr","locations":[{"start":{"line":152,"column":8},"end":{"line":152,"column":40}},{"start":{"line":152,"column":44},"end":{"line":152,"column":71}}],"line":152},"26":{"loc":{"start":{"line":153,"column":4},"end":{"line":157,"column":5}},"type":"if","locations":[{"start":{"line":153,"column":4},"end":{"line":157,"column":5}},{"start":{},"end":{}}],"line":153},"27":{"loc":{"start":{"line":153,"column":8},"end":{"line":153,"column":59}},"type":"binary-expr","locations":[{"start":{"line":153,"column":8},"end":{"line":153,"column":23}},{"start":{"line":153,"column":27},"end":{"line":153,"column":59}}],"line":153}},"s":{"0":5,"1":5,"2":2039,"3":1,"4":2038,"5":1,"6":2037,"7":0,"8":2037,"9":1,"10":2036,"11":0,"12":2036,"13":0,"14":2036,"15":0,"16":2036,"17":0,"18":2036,"19":0,"20":2037,"21":2037,"22":2037,"23":2037,"24":2037,"25":2037,"26":2037,"27":2037,"28":2037,"29":2037,"30":2037,"31":2,"32":2035,"33":2035,"34":2035},"f":{"0":2039,"1":2037},"b":{"0":[1,2038],"1":[2039,2039],"2":[1,2037],"3":[2038,2038],"4":[0,2037],"5":[1,2036],"6":[2037,2037],"7":[0,2036],"8":[2036,2036],"9":[0,2036],"10":[2036,2036],"11":[0,2036],"12":[2036,2036],"13":[0,2036],"14":[2036,2036],"15":[0,2036],"16":[2036,2036],"17":[2037,1],"18":[2037,1],"19":[2037,0],"20":[2037,1],"21":[2037,0],"22":[2037,0],"23":[2037,0],"24":[2037,0],"25":[2037,2024],"26":[2,2035],"27":[2037,2024]},"_coverageSchema":"1a1c01bbd47fc00a2c39e90264f33305004495a9","hash":"e7a103a3218ea3375a7c6da00a3aea46d09a9f82"}
,"C:\\Users\\cliff\\Desktop\\WARNER\\flex\\artifacts\\ddbot-app\\src\\bot\\virtualHook\\VHDecision.ts": {"path":"C:\\Users\\cliff\\Desktop\\WARNER\\flex\\artifacts\\ddbot-app\\src\\bot\\virtualHook\\VHDecision.ts","statementMap":{},"fnMap":{},"branchMap":{},"s":{},"f":{},"b":{},"_coverageSchema":"1a1c01bbd47fc00a2c39e90264f33305004495a9","hash":"c2a02de47148f46f655037af85e3dc60a0906ded"}
,"C:\\Users\\cliff\\Desktop\\WARNER\\flex\\artifacts\\ddbot-app\\src\\bot\\virtualHook\\VHJournalStore.ts": {"path":"C:\\Users\\cliff\\Desktop\\WARNER\\flex\\artifacts\\ddbot-app\\src\\bot\\virtualHook\\VHJournalStore.ts","statementMap":{"0":{"start":{"line":137,"column":50},"end":{"line":137,"column":52}},"1":{"start":{"line":138,"column":34},"end":{"line":138,"column":67}},"2":{"start":{"line":139,"column":34},"end":{"line":139,"column":62}},"3":{"start":{"line":148,"column":22},"end":{"line":148,"column":46}},"4":{"start":{"line":149,"column":31},"end":{"line":149,"column":51}},"5":{"start":{"line":151,"column":23},"end":{"line":151,"column":43}},"6":{"start":{"line":152,"column":8},"end":{"line":152,"column":51}},"7":{"start":{"line":153,"column":8},"end":{"line":153,"column":52}},"8":{"start":{"line":154,"column":26},"end":{"line":154,"column":46}},"9":{"start":{"line":156,"column":8},"end":{"line":165,"column":11}},"10":{"start":{"line":168,"column":8},"end":{"line":168,"column":62}},"11":{"start":{"line":168,"column":44},"end":{"line":168,"column":60}},"12":{"start":{"line":176,"column":8},"end":{"line":176,"column":53}},"13":{"start":{"line":176,"column":38},"end":{"line":176,"column":51}},"14":{"start":{"line":183,"column":18},"end":{"line":183,"column":46}},"15":{"start":{"line":184,"column":8},"end":{"line":184,"column":40}},"16":{"start":{"line":191,"column":8},"end":{"line":191,"column":36}},"17":{"start":{"line":199,"column":8},"end":{"line":199,"column":38}},"18":{"start":{"line":200,"column":8},"end":{"line":200,"column":54}},"19":{"start":{"line":200,"column":21},"end":{"line":200,"column":53}},"20":{"start":{"line":205,"column":8},"end":{"line":205,"column":27}},"21":{"start":{"line":206,"column":8},"end":{"line":206,"column":32}},"22":{"start":{"line":218,"column":8},"end":{"line":234,"column":10}},"23":{"start":{"line":238,"column":8},"end":{"line":238,"column":28}}},"fnMap":{"0":{"name":"(anonymous_0)","decl":{"start":{"line":141,"column":4},"end":{"line":141,"column":5}},"loc":{"start":{"line":141,"column":75},"end":{"line":141,"column":77}},"line":141},"1":{"name":"(anonymous_1)","decl":{"start":{"line":147,"column":4},"end":{"line":147,"column":5}},"loc":{"start":{"line":147,"column":60},"end":{"line":169,"column":5}},"line":147},"2":{"name":"(anonymous_2)","decl":{"start":{"line":168,"column":32},"end":{"line":168,"column":33}},"loc":{"start":{"line":168,"column":44},"end":{"line":168,"column":60}},"line":168},"3":{"name":"(anonymous_3)","decl":{"start":{"line":175,"column":4},"end":{"line":175,"column":5}},"loc":{"start":{"line":175,"column":35},"end":{"line":177,"column":5}},"line":175},"4":{"name":"(anonymous_4)","decl":{"start":{"line":176,"column":33},"end":{"line":176,"column":34}},"loc":{"start":{"line":176,"column":38},"end":{"line":176,"column":51}},"line":176},"5":{"name":"(anonymous_5)","decl":{"start":{"line":182,"column":4},"end":{"line":182,"column":5}},"loc":{"start":{"line":182,"column":53},"end":{"line":185,"column":5}},"line":182},"6":{"name":"(anonymous_6)","decl":{"start":{"line":190,"column":4},"end":{"line":190,"column":5}},"loc":{"start":{"line":190,"column":24},"end":{"line":192,"column":5}},"line":190},"7":{"name":"(anonymous_7)","decl":{"start":{"line":198,"column":4},"end":{"line":198,"column":5}},"loc":{"start":{"line":198,"column":55},"end":{"line":201,"column":5}},"line":198},"8":{"name":"(anonymous_8)","decl":{"start":{"line":200,"column":15},"end":{"line":200,"column":16}},"loc":{"start":{"line":200,"column":21},"end":{"line":200,"column":53}},"line":200},"9":{"name":"(anonymous_9)","decl":{"start":{"line":204,"column":4},"end":{"line":204,"column":5}},"loc":{"start":{"line":204,"column":18},"end":{"line":207,"column":5}},"line":204},"10":{"name":"(anonymous_10)","decl":{"start":{"line":217,"column":4},"end":{"line":217,"column":5}},"loc":{"start":{"line":217,"column":67},"end":{"line":235,"column":5}},"line":217},"11":{"name":"(anonymous_11)","decl":{"start":{"line":237,"column":4},"end":{"line":237,"column":5}},"loc":{"start":{"line":237,"column":57},"end":{"line":239,"column":5}},"line":237}},"branchMap":{"0":{"loc":{"start":{"line":141,"column":33},"end":{"line":141,"column":73}},"type":"default-arg","locations":[{"start":{"line":141,"column":52},"end":{"line":141,"column":73}}],"line":141},"1":{"loc":{"start":{"line":184,"column":15},"end":{"line":184,"column":39}},"type":"cond-expr","locations":[{"start":{"line":184,"column":19},"end":{"line":184,"column":32}},{"start":{"line":184,"column":35},"end":{"line":184,"column":39}}],"line":184}},"s":{"0":29,"1":29,"2":29,"3":1255,"4":1255,"5":1255,"6":1255,"7":1255,"8":1255,"9":1255,"10":1255,"11":5,"12":45,"13":1545,"14":5,"15":5,"16":34,"17":3,"18":3,"19":1,"20":1,"21":1,"22":1255,"23":1550},"f":{"0":29,"1":1255,"2":5,"3":45,"4":1545,"5":5,"6":34,"7":3,"8":1,"9":1,"10":1255,"11":1550},"b":{"0":[10],"1":[5,0]},"_coverageSchema":"1a1c01bbd47fc00a2c39e90264f33305004495a9","hash":"c437fbbd524a8caf65e0dc8ac66c56b28582b1a7"}
,"C:\\Users\\cliff\\Desktop\\WARNER\\flex\\artifacts\\ddbot-app\\src\\bot\\virtualHook\\VHLogger.ts": {"path":"C:\\Users\\cliff\\Desktop\\WARNER\\flex\\artifacts\\ddbot-app\\src\\bot\\virtualHook\\VHLogger.ts","statementMap":{"0":{"start":{"line":84,"column":30},"end":{"line":84,"column":36}},"1":{"start":{"line":89,"column":8},"end":{"line":89,"column":42}},"2":{"start":{"line":93,"column":8},"end":{"line":93,"column":42}},"3":{"start":{"line":97,"column":8},"end":{"line":97,"column":43}},"4":{"start":{"line":101,"column":8},"end":{"line":101,"column":43}},"5":{"start":{"line":105,"column":34},"end":{"line":110,"column":9}},"6":{"start":{"line":111,"column":8},"end":{"line":111,"column":61}}},"fnMap":{"0":{"name":"(anonymous_0)","decl":{"start":{"line":86,"column":4},"end":{"line":86,"column":5}},"loc":{"start":{"line":86,"column":77},"end":{"line":86,"column":79}},"line":86},"1":{"name":"(anonymous_1)","decl":{"start":{"line":88,"column":4},"end":{"line":88,"column":5}},"loc":{"start":{"line":88,"column":53},"end":{"line":90,"column":5}},"line":88},"2":{"name":"(anonymous_2)","decl":{"start":{"line":92,"column":4},"end":{"line":92,"column":5}},"loc":{"start":{"line":92,"column":53},"end":{"line":94,"column":5}},"line":92},"3":{"name":"(anonymous_3)","decl":{"start":{"line":96,"column":4},"end":{"line":96,"column":5}},"loc":{"start":{"line":96,"column":54},"end":{"line":98,"column":5}},"line":96},"4":{"name":"(anonymous_4)","decl":{"start":{"line":100,"column":4},"end":{"line":100,"column":5}},"loc":{"start":{"line":100,"column":54},"end":{"line":102,"column":5}},"line":100},"5":{"name":"(anonymous_5)","decl":{"start":{"line":104,"column":4},"end":{"line":104,"column":5}},"loc":{"start":{"line":104,"column":80},"end":{"line":112,"column":5}},"line":104}},"branchMap":{"0":{"loc":{"start":{"line":86,"column":33},"end":{"line":86,"column":75}},"type":"default-arg","locations":[{"start":{"line":86,"column":64},"end":{"line":86,"column":75}}],"line":86}},"s":{"0":21,"1":18,"2":0,"3":0,"4":0,"5":18,"6":18},"f":{"0":21,"1":18,"2":0,"3":0,"4":0,"5":18},"b":{"0":[21]},"_coverageSchema":"1a1c01bbd47fc00a2c39e90264f33305004495a9","hash":"5e4afa7c19c2d9b395ce41c5a227903d9f62e72b"}
,"C:\\Users\\cliff\\Desktop\\WARNER\\flex\\artifacts\\ddbot-app\\src\\bot\\virtualHook\\VHRuntime.ts": {"path":"C:\\Users\\cliff\\Desktop\\WARNER\\flex\\artifacts\\ddbot-app\\src\\bot\\virtualHook\\VHRuntime.ts","statementMap":{"0":{"start":{"line":37,"column":39},"end":{"line":37,"column":43}},"1":{"start":{"line":39,"column":46},"end":{"line":39,"column":50}},"2":{"start":{"line":41,"column":13},"end":{"line":41,"column":18}},"3":{"start":{"line":49,"column":4},"end":{"line":49,"column":18}},"4":{"start":{"line":50,"column":4},"end":{"line":50,"column":21}},"5":{"start":{"line":51,"column":4},"end":{"line":51,"column":19}},"6":{"start":{"line":52,"column":4},"end":{"line":52,"column":28}},"7":{"start":{"line":61,"column":4},"end":{"line":61,"column":36}},"8":{"start":{"line":61,"column":19},"end":{"line":61,"column":36}},"9":{"start":{"line":63,"column":18},"end":{"line":63,"column":41}},"10":{"start":{"line":64,"column":20},"end":{"line":64,"column":38}},"11":{"start":{"line":65,"column":20},"end":{"line":65,"column":40}},"12":{"start":{"line":67,"column":4},"end":{"line":67,"column":70}},"13":{"start":{"line":67,"column":30},"end":{"line":67,"column":68}},"14":{"start":{"line":68,"column":4},"end":{"line":68,"column":70}},"15":{"start":{"line":68,"column":30},"end":{"line":68,"column":68}},"16":{"start":{"line":69,"column":4},"end":{"line":69,"column":42}},"17":{"start":{"line":71,"column":4},"end":{"line":71,"column":19}},"18":{"start":{"line":72,"column":4},"end":{"line":72,"column":18}},"19":{"start":{"line":73,"column":4},"end":{"line":73,"column":49}},"20":{"start":{"line":75,"column":4},"end":{"line":75,"column":21}},"21":{"start":{"line":83,"column":4},"end":{"line":83,"column":18}},"22":{"start":{"line":90,"column":4},"end":{"line":90,"column":18}}},"fnMap":{"0":{"name":"resetVHRuntime","decl":{"start":{"line":48,"column":16},"end":{"line":48,"column":30}},"loc":{"start":{"line":48,"column":39},"end":{"line":53,"column":1}},"line":48},"1":{"name":"getVHTransactionPipeline","decl":{"start":{"line":60,"column":16},"end":{"line":60,"column":40}},"loc":{"start":{"line":60,"column":64},"end":{"line":76,"column":1}},"line":60},"2":{"name":"(anonymous_2)","decl":{"start":{"line":67,"column":20},"end":{"line":67,"column":21}},"loc":{"start":{"line":67,"column":30},"end":{"line":67,"column":68}},"line":67},"3":{"name":"(anonymous_3)","decl":{"start":{"line":68,"column":20},"end":{"line":68,"column":21}},"loc":{"start":{"line":68,"column":30},"end":{"line":68,"column":68}},"line":68},"4":{"name":"getVHStore","decl":{"start":{"line":82,"column":16},"end":{"line":82,"column":26}},"loc":{"start":{"line":82,"column":55},"end":{"line":84,"column":1}},"line":82},"5":{"name":"isVHRuntimeWired","decl":{"start":{"line":89,"column":16},"end":{"line":89,"column":32}},"loc":{"start":{"line":89,"column":44},"end":{"line":91,"column":1}},"line":89}},"branchMap":{"0":{"loc":{"start":{"line":61,"column":4},"end":{"line":61,"column":36}},"type":"if","locations":[{"start":{"line":61,"column":4},"end":{"line":61,"column":36}},{"start":{},"end":{}}],"line":61}},"s":{"0":1,"1":1,"2":1,"3":9,"4":9,"5":9,"6":9,"7":8,"8":1,"9":7,"10":7,"11":7,"12":7,"13":5,"14":7,"15":5,"16":7,"17":7,"18":7,"19":7,"20":7,"21":9,"22":5},"f":{"0":9,"1":8,"2":5,"3":5,"4":9,"5":5},"b":{"0":[1,7]},"_coverageSchema":"1a1c01bbd47fc00a2c39e90264f33305004495a9","hash":"d63946e7a6f76aac8b51cd100c6cf3463605a26c"}
,"C:\\Users\\cliff\\Desktop\\WARNER\\flex\\artifacts\\ddbot-app\\src\\bot\\virtualHook\\VirtualContract.ts": {"path":"C:\\Users\\cliff\\Desktop\\WARNER\\flex\\artifacts\\ddbot-app\\src\\bot\\virtualHook\\VirtualContract.ts","statementMap":{"0":{"start":{"line":141,"column":27},"end":{"line":141,"column":47}},"1":{"start":{"line":142,"column":27},"end":{"line":142,"column":89}},"2":{"start":{"line":143,"column":20},"end":{"line":143,"column":30}},"3":{"start":{"line":145,"column":8},"end":{"line":165,"column":10}},"4":{"start":{"line":172,"column":26},"end":{"line":172,"column":58}},"5":{"start":{"line":173,"column":8},"end":{"line":178,"column":10}},"6":{"start":{"line":185,"column":22},"end":{"line":185,"column":45}},"7":{"start":{"line":186,"column":8},"end":{"line":192,"column":10}},"8":{"start":{"line":203,"column":44},"end":{"line":203,"column":53}},"9":{"start":{"line":204,"column":8},"end":{"line":204,"column":66}},"10":{"start":{"line":204,"column":45},"end":{"line":204,"column":66}},"11":{"start":{"line":205,"column":8},"end":{"line":205,"column":60}},"12":{"start":{"line":205,"column":43},"end":{"line":205,"column":60}},"13":{"start":{"line":206,"column":8},"end":{"line":213,"column":10}},"14":{"start":{"line":220,"column":8},"end":{"line":229,"column":10}},"15":{"start":{"line":238,"column":4},"end":{"line":240,"column":5}},"16":{"start":{"line":239,"column":8},"end":{"line":239,"column":35}},"17":{"start":{"line":242,"column":4},"end":{"line":246,"column":7}},"18":{"start":{"line":243,"column":18},"end":{"line":243,"column":42}},"19":{"start":{"line":244,"column":18},"end":{"line":244,"column":49}},"20":{"start":{"line":245,"column":8},"end":{"line":245,"column":30}},"21":{"start":{"line":257,"column":14},"end":{"line":257,"column":48}},"22":{"start":{"line":258,"column":4},"end":{"line":265,"column":5}},"23":{"start":{"line":259,"column":18},"end":{"line":259,"column":35}},"24":{"start":{"line":260,"column":18},"end":{"line":260,"column":35}},"25":{"start":{"line":261,"column":18},"end":{"line":261,"column":36}},"26":{"start":{"line":262,"column":18},"end":{"line":262,"column":39}},"27":{"start":{"line":263,"column":18},"end":{"line":263,"column":40}},"28":{"start":{"line":264,"column":17},"end":{"line":264,"column":35}},"29":{"start":{"line":273,"column":4},"end":{"line":273,"column":58}}},"fnMap":{"0":{"name":"(anonymous_0)","decl":{"start":{"line":133,"column":4},"end":{"line":133,"column":5}},"loc":{"start":{"line":140,"column":23},"end":{"line":166,"column":5}},"line":140},"1":{"name":"(anonymous_1)","decl":{"start":{"line":171,"column":4},"end":{"line":171,"column":5}},"loc":{"start":{"line":171,"column":91},"end":{"line":179,"column":5}},"line":171},"2":{"name":"(anonymous_2)","decl":{"start":{"line":184,"column":4},"end":{"line":184,"column":5}},"loc":{"start":{"line":184,"column":81},"end":{"line":193,"column":5}},"line":184},"3":{"name":"(anonymous_3)","decl":{"start":{"line":198,"column":4},"end":{"line":198,"column":5}},"loc":{"start":{"line":202,"column":23},"end":{"line":214,"column":5}},"line":202},"4":{"name":"(anonymous_4)","decl":{"start":{"line":219,"column":4},"end":{"line":219,"column":5}},"loc":{"start":{"line":219,"column":80},"end":{"line":230,"column":5}},"line":219},"5":{"name":"cryptoUUID","decl":{"start":{"line":237,"column":9},"end":{"line":237,"column":19}},"loc":{"start":{"line":237,"column":30},"end":{"line":247,"column":1}},"line":237},"6":{"name":"(anonymous_6)","decl":{"start":{"line":242,"column":67},"end":{"line":242,"column":68}},"loc":{"start":{"line":242,"column":72},"end":{"line":246,"column":5}},"line":242},"7":{"name":"estimateDurationMs","decl":{"start":{"line":256,"column":16},"end":{"line":256,"column":34}},"loc":{"start":{"line":256,"column":96},"end":{"line":266,"column":1}},"line":256},"8":{"name":"extractDigitValue","decl":{"start":{"line":272,"column":16},"end":{"line":272,"column":33}},"loc":{"start":{"line":272,"column":64},"end":{"line":274,"column":1}},"line":272}},"branchMap":{"0":{"loc":{"start":{"line":204,"column":8},"end":{"line":204,"column":66}},"type":"if","locations":[{"start":{"line":204,"column":8},"end":{"line":204,"column":66}},{"start":{},"end":{}}],"line":204},"1":{"loc":{"start":{"line":205,"column":8},"end":{"line":205,"column":60}},"type":"if","locations":[{"start":{"line":205,"column":8},"end":{"line":205,"column":60}},{"start":{},"end":{}}],"line":205},"2":{"loc":{"start":{"line":210,"column":23},"end":{"line":210,"column":77}},"type":"cond-expr","locations":[{"start":{"line":210,"column":43},"end":{"line":210,"column":70}},{"start":{"line":210,"column":73},"end":{"line":210,"column":77}}],"line":210},"3":{"loc":{"start":{"line":225,"column":29},"end":{"line":225,"column":70}},"type":"cond-expr","locations":[{"start":{"line":225,"column":37},"end":{"line":225,"column":63}},{"start":{"line":225,"column":66},"end":{"line":225,"column":70}}],"line":225},"4":{"loc":{"start":{"line":238,"column":4},"end":{"line":240,"column":5}},"type":"if","locations":[{"start":{"line":238,"column":4},"end":{"line":240,"column":5}},{"start":{},"end":{}}],"line":238},"5":{"loc":{"start":{"line":238,"column":8},"end":{"line":238,"column":80}},"type":"binary-expr","locations":[{"start":{"line":238,"column":8},"end":{"line":238,"column":37}},{"start":{"line":238,"column":41},"end":{"line":238,"column":80}}],"line":238},"6":{"loc":{"start":{"line":244,"column":18},"end":{"line":244,"column":49}},"type":"cond-expr","locations":[{"start":{"line":244,"column":30},"end":{"line":244,"column":31}},{"start":{"line":244,"column":34},"end":{"line":244,"column":49}}],"line":244},"7":{"loc":{"start":{"line":257,"column":26},"end":{"line":257,"column":47}},"type":"binary-expr","locations":[{"start":{"line":257,"column":26},"end":{"line":257,"column":42}},{"start":{"line":257,"column":46},"end":{"line":257,"column":47}}],"line":257},"8":{"loc":{"start":{"line":258,"column":4},"end":{"line":265,"column":5}},"type":"switch","locations":[{"start":{"line":259,"column":8},"end":{"line":259,"column":35}},{"start":{"line":260,"column":8},"end":{"line":260,"column":35}},{"start":{"line":261,"column":8},"end":{"line":261,"column":36}},{"start":{"line":262,"column":8},"end":{"line":262,"column":39}},{"start":{"line":263,"column":8},"end":{"line":263,"column":40}},{"start":{"line":264,"column":8},"end":{"line":264,"column":35}}],"line":258}},"s":{"0":2039,"1":2039,"2":2039,"3":2039,"4":1,"5":1,"6":2034,"7":2034,"8":2033,"9":2033,"10":1,"11":2033,"12":1,"13":2033,"14":0,"15":2039,"16":0,"17":2039,"18":63209,"19":63209,"20":63209,"21":2045,"22":2045,"23":2041,"24":1,"25":1,"26":1,"27":1,"28":0,"29":4068},"f":{"0":2039,"1":1,"2":2034,"3":2033,"4":0,"5":2039,"6":63209,"7":2045,"8":4068},"b":{"0":[1,2032],"1":[1,2032],"2":[2031,2],"3":[0,0],"4":[0,2039],"5":[2039,2039],"6":[61170,2039],"7":[2045,1],"8":[2041,1,1,1,1,0]},"_coverageSchema":"1a1c01bbd47fc00a2c39e90264f33305004495a9","hash":"ec5487bad7ae4dae40ebd1e0cccdeb6aa9433ae4"}
,"C:\\Users\\cliff\\Desktop\\WARNER\\flex\\artifacts\\ddbot-app\\src\\bot\\virtualHook\\VirtualHookEngine.ts": {"path":"C:\\Users\\cliff\\Desktop\\WARNER\\flex\\artifacts\\ddbot-app\\src\\bot\\virtualHook\\VirtualHookEngine.ts","statementMap":{"0":{"start":{"line":47,"column":38},"end":{"line":47,"column":44}},"1":{"start":{"line":107,"column":43},"end":{"line":107,"column":47}},"2":{"start":{"line":108,"column":20},"end":{"line":108,"column":25}},"3":{"start":{"line":109,"column":33},"end":{"line":109,"column":38}},"4":{"start":{"line":110,"column":24},"end":{"line":110,"column":29}},"5":{"start":{"line":113,"column":45},"end":{"line":113,"column":49}},"6":{"start":{"line":114,"column":45},"end":{"line":114,"column":49}},"7":{"start":{"line":117,"column":36},"end":{"line":117,"column":37}},"8":{"start":{"line":135,"column":8},"end":{"line":135,"column":48}},"9":{"start":{"line":136,"column":8},"end":{"line":136,"column":42}},"10":{"start":{"line":137,"column":8},"end":{"line":137,"column":34}},"11":{"start":{"line":138,"column":8},"end":{"line":138,"column":30}},"12":{"start":{"line":139,"column":8},"end":{"line":139,"column":50}},"13":{"start":{"line":140,"column":8},"end":{"line":140,"column":55}},"14":{"start":{"line":149,"column":8},"end":{"line":149,"column":36}},"15":{"start":{"line":161,"column":8},"end":{"line":172,"column":9}},"16":{"start":{"line":162,"column":12},"end":{"line":170,"column":15}},"17":{"start":{"line":171,"column":12},"end":{"line":171,"column":19}},"18":{"start":{"line":173,"column":8},"end":{"line":184,"column":9}},"19":{"start":{"line":174,"column":12},"end":{"line":182,"column":15}},"20":{"start":{"line":183,"column":12},"end":{"line":183,"column":19}},"21":{"start":{"line":187,"column":8},"end":{"line":187,"column":88}},"22":{"start":{"line":188,"column":8},"end":{"line":188,"column":63}},"23":{"start":{"line":195,"column":8},"end":{"line":201,"column":10}},"24":{"start":{"line":209,"column":8},"end":{"line":209,"column":39}},"25":{"start":{"line":219,"column":8},"end":{"line":225,"column":9}},"26":{"start":{"line":220,"column":12},"end":{"line":224,"column":15}},"27":{"start":{"line":226,"column":8},"end":{"line":228,"column":9}},"28":{"start":{"line":227,"column":12},"end":{"line":227,"column":45}},"29":{"start":{"line":229,"column":8},"end":{"line":229,"column":26}},"30":{"start":{"line":230,"column":8},"end":{"line":230,"column":40}},"31":{"start":{"line":231,"column":8},"end":{"line":231,"column":29}},"32":{"start":{"line":232,"column":8},"end":{"line":232,"column":39}},"33":{"start":{"line":233,"column":8},"end":{"line":233,"column":36}},"34":{"start":{"line":234,"column":8},"end":{"line":234,"column":36}},"35":{"start":{"line":236,"column":29},"end":{"line":236,"column":39}},"36":{"start":{"line":237,"column":22},"end":{"line":237,"column":40}},"37":{"start":{"line":238,"column":8},"end":{"line":238,"column":35}},"38":{"start":{"line":240,"column":19},"end":{"line":240,"column":63}},"39":{"start":{"line":243,"column":8},"end":{"line":243,"column":74}},"40":{"start":{"line":245,"column":8},"end":{"line":277,"column":9}},"41":{"start":{"line":246,"column":24},"end":{"line":246,"column":102}},"42":{"start":{"line":247,"column":12},"end":{"line":255,"column":15}},"43":{"start":{"line":256,"column":12},"end":{"line":256,"column":47}},"44":{"start":{"line":257,"column":12},"end":{"line":257,"column":45}},"45":{"start":{"line":258,"column":12},"end":{"line":269,"column":15}},"46":{"start":{"line":270,"column":12},"end":{"line":276,"column":14}},"47":{"start":{"line":279,"column":8},"end":{"line":279,"column":72}},"48":{"start":{"line":281,"column":25},"end":{"line":281,"column":26}},"49":{"start":{"line":283,"column":8},"end":{"line":438,"column":9}},"50":{"start":{"line":285,"column":12},"end":{"line":404,"column":13}},"51":{"start":{"line":286,"column":16},"end":{"line":308,"column":17}},"52":{"start":{"line":287,"column":20},"end":{"line":287,"column":58}},"53":{"start":{"line":288,"column":20},"end":{"line":288,"column":53}},"54":{"start":{"line":289,"column":20},"end":{"line":300,"column":23}},"55":{"start":{"line":301,"column":20},"end":{"line":307,"column":22}},"56":{"start":{"line":315,"column":30},"end":{"line":315,"column":87}},"57":{"start":{"line":317,"column":16},"end":{"line":321,"column":17}},"58":{"start":{"line":318,"column":20},"end":{"line":318,"column":58}},"59":{"start":{"line":320,"column":20},"end":{"line":320,"column":60}},"60":{"start":{"line":323,"column":16},"end":{"line":323,"column":29}},"61":{"start":{"line":328,"column":37},"end":{"line":328,"column":60}},"62":{"start":{"line":330,"column":16},"end":{"line":352,"column":17}},"63":{"start":{"line":331,"column":20},"end":{"line":331,"column":85}},"64":{"start":{"line":332,"column":20},"end":{"line":332,"column":53}},"65":{"start":{"line":333,"column":20},"end":{"line":344,"column":23}},"66":{"start":{"line":345,"column":20},"end":{"line":351,"column":22}},"67":{"start":{"line":353,"column":16},"end":{"line":375,"column":17}},"68":{"start":{"line":354,"column":20},"end":{"line":354,"column":71}},"69":{"start":{"line":355,"column":20},"end":{"line":355,"column":53}},"70":{"start":{"line":356,"column":20},"end":{"line":367,"column":23}},"71":{"start":{"line":368,"column":20},"end":{"line":374,"column":22}},"72":{"start":{"line":376,"column":16},"end":{"line":398,"column":17}},"73":{"start":{"line":377,"column":20},"end":{"line":377,"column":49}},"74":{"start":{"line":378,"column":20},"end":{"line":378,"column":53}},"75":{"start":{"line":379,"column":20},"end":{"line":390,"column":23}},"76":{"start":{"line":391,"column":20},"end":{"line":397,"column":22}},"77":{"start":{"line":401,"column":16},"end":{"line":403,"column":17}},"78":{"start":{"line":402,"column":20},"end":{"line":402,"column":102}},"79":{"start":{"line":407,"column":27},"end":{"line":407,"column":75}},"80":{"start":{"line":408,"column":12},"end":{"line":416,"column":15}},"81":{"start":{"line":417,"column":12},"end":{"line":417,"column":28}},"82":{"start":{"line":418,"column":12},"end":{"line":418,"column":45}},"83":{"start":{"line":419,"column":12},"end":{"line":430,"column":15}},"84":{"start":{"line":431,"column":12},"end":{"line":437,"column":14}},"85":{"start":{"line":451,"column":42},"end":{"line":451,"column":46}},"86":{"start":{"line":452,"column":30},"end":{"line":452,"column":31}},"87":{"start":{"line":453,"column":49},"end":{"line":453,"column":53}},"88":{"start":{"line":455,"column":8},"end":{"line":525,"column":9}},"89":{"start":{"line":456,"column":12},"end":{"line":524,"column":13}},"90":{"start":{"line":457,"column":31},"end":{"line":461,"column":17}},"91":{"start":{"line":463,"column":16},"end":{"line":499,"column":17}},"92":{"start":{"line":464,"column":20},"end":{"line":464,"column":47}},"93":{"start":{"line":465,"column":20},"end":{"line":465,"column":83}},"94":{"start":{"line":467,"column":20},"end":{"line":467,"column":56}},"95":{"start":{"line":468,"column":20},"end":{"line":485,"column":21}},"96":{"start":{"line":469,"column":24},"end":{"line":479,"column":27}},"97":{"start":{"line":480,"column":24},"end":{"line":484,"column":27}},"98":{"start":{"line":487,"column":20},"end":{"line":495,"column":23}},"99":{"start":{"line":496,"column":20},"end":{"line":496,"column":38}},"100":{"start":{"line":497,"column":20},"end":{"line":497,"column":49}},"101":{"start":{"line":498,"column":20},"end":{"line":498,"column":78}},"102":{"start":{"line":501,"column":16},"end":{"line":503,"column":17}},"103":{"start":{"line":502,"column":20},"end":{"line":502,"column":30}},"104":{"start":{"line":505,"column":16},"end":{"line":505,"column":87}},"105":{"start":{"line":506,"column":16},"end":{"line":520,"column":17}},"106":{"start":{"line":507,"column":20},"end":{"line":515,"column":23}},"107":{"start":{"line":516,"column":20},"end":{"line":519,"column":23}},"108":{"start":{"line":521,"column":16},"end":{"line":521,"column":34}},"109":{"start":{"line":522,"column":16},"end":{"line":522,"column":45}},"110":{"start":{"line":523,"column":16},"end":{"line":523,"column":74}},"111":{"start":{"line":528,"column":8},"end":{"line":528,"column":77}},"112":{"start":{"line":530,"column":25},"end":{"line":537,"column":9}},"113":{"start":{"line":539,"column":8},"end":{"line":539,"column":75}},"114":{"start":{"line":542,"column":39},"end":{"line":542,"column":43}},"115":{"start":{"line":543,"column":8},"end":{"line":575,"column":9}},"116":{"start":{"line":544,"column":12},"end":{"line":544,"column":71}},"117":{"start":{"line":546,"column":27},"end":{"line":546,"column":75}},"118":{"start":{"line":547,"column":12},"end":{"line":555,"column":15}},"119":{"start":{"line":564,"column":12},"end":{"line":564,"column":82}},"120":{"start":{"line":565,"column":12},"end":{"line":565,"column":117}},"121":{"start":{"line":566,"column":12},"end":{"line":566,"column":106}},"122":{"start":{"line":567,"column":12},"end":{"line":567,"column":96}},"123":{"start":{"line":569,"column":12},"end":{"line":574,"column":14}},"124":{"start":{"line":578,"column":29},"end":{"line":578,"column":90}},"125":{"start":{"line":580,"column":8},"end":{"line":580,"column":81}},"126":{"start":{"line":584,"column":8},"end":{"line":599,"column":9}},"127":{"start":{"line":585,"column":12},"end":{"line":585,"column":73}},"128":{"start":{"line":587,"column":27},"end":{"line":587,"column":75}},"129":{"start":{"line":588,"column":12},"end":{"line":596,"column":15}},"130":{"start":{"line":598,"column":12},"end":{"line":598,"column":33}},"131":{"start":{"line":601,"column":8},"end":{"line":601,"column":74}},"132":{"start":{"line":605,"column":8},"end":{"line":621,"column":9}},"133":{"start":{"line":606,"column":31},"end":{"line":606,"column":77}},"134":{"start":{"line":607,"column":12},"end":{"line":607,"column":33}},"135":{"start":{"line":611,"column":12},"end":{"line":619,"column":15}},"136":{"start":{"line":620,"column":12},"end":{"line":620,"column":24}},"137":{"start":{"line":623,"column":32},"end":{"line":632,"column":9}},"138":{"start":{"line":634,"column":8},"end":{"line":634,"column":89}},"139":{"start":{"line":637,"column":8},"end":{"line":637,"column":74}},"140":{"start":{"line":639,"column":39},"end":{"line":639,"column":41}},"141":{"start":{"line":640,"column":8},"end":{"line":654,"column":9}},"142":{"start":{"line":641,"column":33},"end":{"line":641,"column":78}},"143":{"start":{"line":642,"column":12},"end":{"line":642,"column":51}},"144":{"start":{"line":644,"column":27},"end":{"line":644,"column":75}},"145":{"start":{"line":645,"column":12},"end":{"line":653,"column":15}},"146":{"start":{"line":656,"column":8},"end":{"line":656,"column":83}},"147":{"start":{"line":659,"column":8},"end":{"line":659,"column":58}},"148":{"start":{"line":660,"column":8},"end":{"line":660,"column":58}},"149":{"start":{"line":662,"column":8},"end":{"line":673,"column":11}},"150":{"start":{"line":675,"column":8},"end":{"line":675,"column":80}},"151":{"start":{"line":677,"column":8},"end":{"line":682,"column":10}},"152":{"start":{"line":689,"column":8},"end":{"line":708,"column":11}},"153":{"start":{"line":690,"column":26},"end":{"line":693,"column":45}},"154":{"start":{"line":691,"column":16},"end":{"line":691,"column":26}},"155":{"start":{"line":692,"column":16},"end":{"line":692,"column":91}},"156":{"start":{"line":695,"column":27},"end":{"line":698,"column":13}},"157":{"start":{"line":696,"column":16},"end":{"line":696,"column":26}},"158":{"start":{"line":697,"column":16},"end":{"line":697,"column":30}},"159":{"start":{"line":700,"column":28},"end":{"line":702,"column":13}},"160":{"start":{"line":701,"column":16},"end":{"line":701,"column":36}},"161":{"start":{"line":704,"column":12},"end":{"line":707,"column":15}},"162":{"start":{"line":705,"column":16},"end":{"line":705,"column":26}},"163":{"start":{"line":706,"column":16},"end":{"line":706,"column":28}},"164":{"start":{"line":719,"column":23},"end":{"line":719,"column":32}},"165":{"start":{"line":721,"column":23},"end":{"line":723,"column":9}},"166":{"start":{"line":722,"column":12},"end":{"line":722,"column":28}},"167":{"start":{"line":725,"column":8},"end":{"line":725,"column":65}},"168":{"start":{"line":727,"column":8},"end":{"line":739,"column":9}},"169":{"start":{"line":728,"column":30},"end":{"line":728,"column":40}},"170":{"start":{"line":730,"column":33},"end":{"line":733,"column":13}},"171":{"start":{"line":734,"column":12},"end":{"line":737,"column":13}},"172":{"start":{"line":735,"column":16},"end":{"line":735,"column":51}},"173":{"start":{"line":735,"column":45},"end":{"line":735,"column":51}},"174":{"start":{"line":736,"column":16},"end":{"line":736,"column":39}},"175":{"start":{"line":738,"column":12},"end":{"line":738,"column":28}},"176":{"start":{"line":741,"column":23},"end":{"line":744,"column":9}},"177":{"start":{"line":745,"column":8},"end":{"line":745,"column":34}},"178":{"start":{"line":746,"column":8},"end":{"line":746,"column":24}},"179":{"start":{"line":753,"column":18},"end":{"line":753,"column":44}},"180":{"start":{"line":754,"column":8},"end":{"line":761,"column":9}},"181":{"start":{"line":755,"column":22},"end":{"line":755,"column":39}},"182":{"start":{"line":756,"column":22},"end":{"line":756,"column":39}},"183":{"start":{"line":757,"column":22},"end":{"line":757,"column":40}},"184":{"start":{"line":758,"column":22},"end":{"line":758,"column":43}},"185":{"start":{"line":759,"column":22},"end":{"line":759,"column":44}},"186":{"start":{"line":760,"column":21},"end":{"line":760,"column":39}},"187":{"start":{"line":768,"column":8},"end":{"line":768,"column":73}},"188":{"start":{"line":775,"column":8},"end":{"line":775,"column":63}},"189":{"start":{"line":775,"column":38},"end":{"line":775,"column":61}},"190":{"start":{"line":797,"column":8},"end":{"line":812,"column":11}},"191":{"start":{"line":826,"column":8},"end":{"line":826,"column":39}},"192":{"start":{"line":828,"column":8},"end":{"line":840,"column":9}},"193":{"start":{"line":829,"column":12},"end":{"line":829,"column":44}},"194":{"start":{"line":831,"column":12},"end":{"line":839,"column":15}},"195":{"start":{"line":842,"column":8},"end":{"line":854,"column":9}},"196":{"start":{"line":843,"column":12},"end":{"line":843,"column":42}},"197":{"start":{"line":845,"column":12},"end":{"line":853,"column":15}},"198":{"start":{"line":856,"column":8},"end":{"line":856,"column":30}},"199":{"start":{"line":857,"column":8},"end":{"line":857,"column":27}},"200":{"start":{"line":858,"column":8},"end":{"line":858,"column":34}},"201":{"start":{"line":859,"column":8},"end":{"line":859,"column":40}},"202":{"start":{"line":860,"column":8},"end":{"line":860,"column":36}},"203":{"start":{"line":861,"column":8},"end":{"line":861,"column":36}},"204":{"start":{"line":863,"column":8},"end":{"line":871,"column":11}},"205":{"start":{"line":878,"column":8},"end":{"line":878,"column":27}},"206":{"start":{"line":879,"column":8},"end":{"line":879,"column":34}},"207":{"start":{"line":880,"column":8},"end":{"line":880,"column":19}},"208":{"start":{"line":881,"column":8},"end":{"line":893,"column":9}},"209":{"start":{"line":882,"column":12},"end":{"line":882,"column":44}},"210":{"start":{"line":884,"column":12},"end":{"line":892,"column":15}}},"fnMap":{"0":{"name":"(anonymous_0)","decl":{"start":{"line":128,"column":4},"end":{"line":128,"column":5}},"loc":{"start":{"line":134,"column":6},"end":{"line":141,"column":5}},"line":134},"1":{"name":"(anonymous_1)","decl":{"start":{"line":148,"column":4},"end":{"line":148,"column":5}},"loc":{"start":{"line":148,"column":25},"end":{"line":150,"column":5}},"line":148},"2":{"name":"(anonymous_2)","decl":{"start":{"line":160,"column":4},"end":{"line":160,"column":5}},"loc":{"start":{"line":160,"column":50},"end":{"line":189,"column":5}},"line":160},"3":{"name":"(anonymous_3)","decl":{"start":{"line":194,"column":4},"end":{"line":194,"column":5}},"loc":{"start":{"line":194,"column":101},"end":{"line":202,"column":5}},"line":194},"4":{"name":"(anonymous_4)","decl":{"start":{"line":208,"column":4},"end":{"line":208,"column":5}},"loc":{"start":{"line":208,"column":18},"end":{"line":210,"column":5}},"line":208},"5":{"name":"(anonymous_5)","decl":{"start":{"line":218,"column":4},"end":{"line":218,"column":5}},"loc":{"start":{"line":218,"column":67},"end":{"line":439,"column":5}},"line":218},"6":{"name":"(anonymous_6)","decl":{"start":{"line":444,"column":4},"end":{"line":444,"column":5}},"loc":{"start":{"line":449,"column":28},"end":{"line":683,"column":5}},"line":449},"7":{"name":"(anonymous_7)","decl":{"start":{"line":688,"column":4},"end":{"line":688,"column":5}},"loc":{"start":{"line":688,"column":69},"end":{"line":709,"column":5}},"line":688},"8":{"name":"(anonymous_8)","decl":{"start":{"line":689,"column":27},"end":{"line":689,"column":28}},"loc":{"start":{"line":689,"column":48},"end":{"line":708,"column":9}},"line":689},"9":{"name":"(anonymous_9)","decl":{"start":{"line":690,"column":37},"end":{"line":690,"column":38}},"loc":{"start":{"line":690,"column":43},"end":{"line":693,"column":13}},"line":690},"10":{"name":"(anonymous_10)","decl":{"start":{"line":695,"column":27},"end":{"line":695,"column":28}},"loc":{"start":{"line":695,"column":45},"end":{"line":698,"column":13}},"line":695},"11":{"name":"(anonymous_11)","decl":{"start":{"line":700,"column":28},"end":{"line":70
[...]
n":43}},{"start":{"line":759,"column":12},"end":{"line":759,"column":44}},{"start":{"line":760,"column":12},"end":{"line":760,"column":39}}],"line":754},"34":{"loc":{"start":{"line":832,"column":23},"end":{"line":832,"column":51}},"type":"binary-expr","locations":[{"start":{"line":832,"column":23},"end":{"line":832,"column":41}},{"start":{"line":832,"column":45},"end":{"line":832,"column":51}}],"line":832},"35":{"loc":{"start":{"line":835,"column":24},"end":{"line":835,"column":72}},"type":"cond-expr","locations":[{"start":{"line":835,"column":47},"end":{"line":835,"column":58}},{"start":{"line":835,"column":61},"end":{"line":835,"column":72}}],"line":835},"36":{"loc":{"start":{"line":846,"column":23},"end":{"line":846,"column":51}},"type":"binary-expr","locations":[{"start":{"line":846,"column":23},"end":{"line":846,"column":41}},{"start":{"line":846,"column":45},"end":{"line":846,"column":51}}],"line":846},"37":{"loc":{"start":{"line":849,"column":24},"end":{"line":849,"column":72}},"type":"cond-expr","locations":[{"start":{"line":849,"column":47},"end":{"line":849,"column":58}},{"start":{"line":849,"column":61},"end":{"line":849,"column":72}}],"line":849},"38":{"loc":{"start":{"line":888,"column":24},"end":{"line":888,"column":72}},"type":"cond-expr","locations":[{"start":{"line":888,"column":47},"end":{"line":888,"column":58}},{"start":{"line":888,"column":61},"end":{"line":888,"column":72}}],"line":888}},"s":{"0":3,"1":2015,"2":2015,"3":2015,"4":2015,"5":2015,"6":2015,"7":2015,"8":2015,"9":2015,"10":2015,"11":2015,"12":2015,"13":2015,"14":3,"15":3,"16":1,"17":1,"18":2,"19":0,"20":0,"21":2,"22":2,"23":1003,"24":0,"25":2016,"26":2,"27":2014,"28":2,"29":2012,"30":2012,"31":2012,"32":2012,"33":2012,"34":2012,"35":2012,"36":2012,"37":2012,"38":2012,"39":2012,"40":2012,"41":1,"42":1,"43":1,"44":1,"45":1,"46":1,"47":2011,"48":2011,"49":2011,"50":2011,"51":2022,"52":0,"53":0,"54":0,"55":0,"56":2022,"57":2022,"58":2021,"59":1,"60":2022,"61":2022,"62":2022,"63":2009,"64":2009,"65":2009,"66":2009,"67":13,"68":2,"69":2,"70":2,"71":2,"72":11,"73":0,"74":0,"75":0,"76":0,"77":11,"78":11,"79":0,"80":0,"81":0,"82":0,"83":0,"84":0,"85":2022,"86":2022,"87":2022,"88":2022,"89":2024,"90":2024,"91":2024,"92":2022,"93":2022,"94":2,"95":2,"96":0,"97":0,"98":2,"99":2,"100":2,"101":2,"102":0,"103":0,"104":0,"105":0,"106":0,"107":0,"108":0,"109":0,"110":0,"111":2022,"112":2022,"113":2022,"114":2022,"115":2022,"116":2022,"117":1,"118":1,"119":1,"120":1,"121":1,"122":1,"123":1,"124":2021,"125":2021,"126":2021,"127":2021,"128":0,"129":0,"130":0,"131":2021,"132":2021,"133":2021,"134":2021,"135":0,"136":0,"137":2021,"138":2021,"139":2021,"140":2021,"141":2021,"142":2021,"143":2021,"144":0,"145":0,"146":2021,"147":2021,"148":2021,"149":2021,"150":2021,"151":2021,"152":2022,"153":2022,"154":0,"155":0,"156":2022,"157":2031,"158":2031,"159":2022,"160":2032,"161":2022,"162":1,"163":1,"164":2021,"165":2021,"166":2049,"167":2021,"168":2021,"169":2021,"170":2021,"171":2021,"172":2180,"173":0,"174":2180,"175":2021,"176":0,"177":0,"178":0,"179":2021,"180":2021,"181":2021,"182":0,"183":0,"184":0,"185":0,"186":0,"187":2,"188":2182,"189":2182,"190":2012,"191":3,"192":3,"193":3,"194":0,"195":3,"196":3,"197":0,"198":3,"199":3,"200":3,"201":3,"202":3,"203":3,"204":3,"205":2012,"206":2012,"207":2012,"208":2012,"209":2012,"210":0},"f":{"0":2015,"1":3,"2":3,"3":1003,"4":0,"5":2016,"6":2022,"7":2022,"8":2022,"9":0,"10":2031,"11":2032,"12":1,"13":2021,"14":2049,"15":2021,"16":2,"17":2182,"18":2182,"19":2012,"20":3,"21":2012},"b":{"0":[1003],"1":[0],"2":[1,2],"3":[1,1],"4":[0,2],"5":[0,0],"6":[2,2014],"7":[2,2012],"8":[1,2011],"9":[0,2022],"10":[2021,1],"11":[2009,13],"12":[2,11],"13":[0,11],"14":[11,0],"15":[0,0],"16":[2022,2],"17":[0,2],"18":[2,2],"19":[0,0],"20":[0,0],"21":[0,0],"22":[0,0],"23":[0,0],"24":[1,0],"25":[0,0],"26":[2021,0],"27":[2016,5],"28":[0,0],"29":[2021,0],"30":[2021,0],"31":[0,2180],"32":[2021,0],"33":[2021,0,0,0,0,0],"34":[0,0],"35":[0,0],"36":[0,0],"37":[0,0],"38":[0,0]},"_coverageSchema":"1a1c01bbd47fc00a2c39e90264f33305004495a9","hash":"14ed228bf97b55a15c4b292d74b83b4b295e9c7d"}
,"C:\\Users\\cliff\\Desktop\\WARNER\\flex\\artifacts\\ddbot-app\\src\\bot\\virtualHook\\VirtualPolicy.ts": {"path":"C:\\Users\\cliff\\Desktop\\WARNER\\flex\\artifacts\\ddbot-app\\src\\bot\\virtualHook\\VirtualPolicy.ts","statementMap":{"0":{"start":{"line":43,"column":31},"end":{"line":43,"column":32}},"1":{"start":{"line":44,"column":20},"end":{"line":44,"column":21}},"2":{"start":{"line":45,"column":22},"end":{"line":45,"column":23}},"3":{"start":{"line":46,"column":35},"end":{"line":46,"column":36}},"4":{"start":{"line":47,"column":36},"end":{"line":47,"column":41}},"5":{"start":{"line":50,"column":8},"end":{"line":50,"column":30}},"6":{"start":{"line":57,"column":8},"end":{"line":57,"column":34}},"7":{"start":{"line":58,"column":8},"end":{"line":58,"column":23}},"8":{"start":{"line":59,"column":8},"end":{"line":59,"column":25}},"9":{"start":{"line":60,"column":8},"end":{"line":60,"column":38}},"10":{"start":{"line":61,"column":8},"end":{"line":61,"column":43}},"11":{"start":{"line":74,"column":8},"end":{"line":77,"column":9}},"12":{"start":{"line":75,"column":12},"end":{"line":75,"column":40}},"13":{"start":{"line":76,"column":12},"end":{"line":76,"column":19}},"14":{"start":{"line":78,"column":8},"end":{"line":78,"column":38}},"15":{"start":{"line":79,"column":8},"end":{"line":79,"column":32}},"16":{"start":{"line":80,"column":8},"end":{"line":81,"column":28}},"17":{"start":{"line":80,"column":17},"end":{"line":80,"column":30}},"18":{"start":{"line":81,"column":13},"end":{"line":81,"column":28}},"19":{"start":{"line":89,"column":8},"end":{"line":89,"column":84}},"20":{"start":{"line":90,"column":8},"end":{"line":107,"column":9}},"21":{"start":{"line":91,"column":12},"end":{"line":99,"column":13}},"22":{"start":{"line":92,"column":16},"end":{"line":98,"column":18}},"23":{"start":{"line":100,"column":12},"end":{"line":106,"column":14}},"24":{"start":{"line":110,"column":8},"end":{"line":118,"column":9}},"25":{"start":{"line":111,"column":12},"end":{"line":117,"column":14}},"26":{"start":{"line":121,"column":8},"end":{"line":129,"column":9}},"27":{"start":{"line":122,"column":12},"end":{"line":128,"column":14}},"28":{"start":{"line":132,"column":8},"end":{"line":138,"column":10}},"29":{"start":{"line":144,"column":8},"end":{"line":144,"column":37}},"30":{"start":{"line":148,"column":8},"end":{"line":148,"column":26}},"31":{"start":{"line":152,"column":8},"end":{"line":152,"column":28}},"32":{"start":{"line":156,"column":8},"end":{"line":156,"column":41}},"33":{"start":{"line":160,"column":8},"end":{"line":160,"column":35}}},"fnMap":{"0":{"name":"(anonymous_0)","decl":{"start":{"line":49,"column":4},"end":{"line":49,"column":5}},"loc":{"start":{"line":49,"column":34},"end":{"line":51,"column":5}},"line":49},"1":{"name":"(anonymous_1)","decl":{"start":{"line":56,"column":4},"end":{"line":56,"column":5}},"loc":{"start":{"line":56,"column":18},"end":{"line":62,"column":5}},"line":56},"2":{"name":"(anonymous_2)","decl":{"start":{"line":73,"column":4},"end":{"line":73,"column":5}},"loc":{"start":{"line":73,"column":57},"end":{"line":82,"column":5}},"line":73},"3":{"name":"(anonymous_3)","decl":{"start":{"line":87,"column":4},"end":{"line":87,"column":5}},"loc":{"start":{"line":87,"column":29},"end":{"line":139,"column":5}},"line":87},"4":{"name":"(anonymous_4)","decl":{"start":{"line":143,"column":4},"end":{"line":143,"column":5}},"loc":{"start":{"line":143,"column":34},"end":{"line":145,"column":5}},"line":143},"5":{"name":"(anonymous_5)","decl":{"start":{"line":147,"column":4},"end":{"line":147,"column":5}},"loc":{"start":{"line":147,"column":23},"end":{"line":149,"column":5}},"line":147},"6":{"name":"(anonymous_6)","decl":{"start":{"line":151,"column":4},"end":{"line":151,"column":5}},"loc":{"start":{"line":151,"column":25},"end":{"line":153,"column":5}},"line":151},"7":{"name":"(anonymous_7)","decl":{"start":{"line":155,"column":4},"end":{"line":155,"column":5}},"loc":{"start":{"line":155,"column":38},"end":{"line":157,"column":5}},"line":155},"8":{"name":"(anonymous_8)","decl":{"start":{"line":159,"column":4},"end":{"line":159,"column":5}},"loc":{"start":{"line":159,"column":27},"end":{"line":161,"column":5}},"line":159}},"branchMap":{"0":{"loc":{"start":{"line":73,"column":32},"end":{"line":73,"column":49}},"type":"default-arg","locations":[{"start":{"line":73,"column":44},"end":{"line":73,"column":49}}],"line":73},"1":{"loc":{"start":{"line":74,"column":8},"end":{"line":77,"column":9}},"type":"if","locations":[{"start":{"line":74,"column":8},"end":{"line":77,"column":9}},{"start":{},"end":{}}],"line":74},"2":{"loc":{"start":{"line":80,"column":8},"end":{"line":81,"column":28}},"type":"if","locations":[{"start":{"line":80,"column":8},"end":{"line":81,"column":28}},{"start":{"line":81,"column":13},"end":{"line":81,"column":28}}],"line":80},"3":{"loc":{"start":{"line":90,"column":8},"end":{"line":107,"column":9}},"type":"if","locations":[{"start":{"line":90,"column":8},"end":{"line":107,"column":9}},{"start":{},"end":{}}],"line":90},"4":{"loc":{"start":{"line":91,"column":12},"end":{"line":99,"column":13}},"type":"if","locations":[{"start":{"line":91,"column":12},"end":{"line":99,"column":13}},{"start":{},"end":{}}],"line":91},"5":{"loc":{"start":{"line":110,"column":8},"end":{"line":118,"column":9}},"type":"if","locations":[{"start":{"line":110,"column":8},"end":{"line":118,"column":9}},{"start":{},"end":{}}],"line":110},"6":{"loc":{"start":{"line":121,"column":8},"end":{"line":129,"column":9}},"type":"if","locations":[{"start":{"line":121,"column":8},"end":{"line":129,"column":9}},{"start":{},"end":{}}],"line":121}},"s":{"0":2021,"1":2021,"2":2021,"3":2021,"4":2021,"5":2021,"6":2013,"7":2013,"8":2013,"9":2013,"10":2013,"11":2037,"12":3,"13":3,"14":2034,"15":2034,"16":2034,"17":2025,"18":9,"19":2029,"20":2029,"21":2010,"22":2007,"23":3,"24":19,"25":5,"26":14,"27":1,"28":13,"29":5026,"30":5026,"31":4023,"32":0,"33":0},"f":{"0":2021,"1":2013,"2":2037,"3":2029,"4":5026,"5":5026,"6":4023,"7":0,"8":0},"b":{"0":[2034],"1":[3,2034],"2":[2025,9],"3":[2010,19],"4":[2007,3],"5":[5,14],"6":[1,13]},"_coverageSchema":"1a1c01bbd47fc00a2c39e90264f33305004495a9","hash":"8b6adfb31fcf4a3cc69842ce4e1202a11162c18d"}
,"C:\\Users\\cliff\\Desktop\\WARNER\\flex\\artifacts\\ddbot-app\\src\\bot\\virtualHook\\VirtualStateMachine.ts": {"path":"C:\\Users\\cliff\\Desktop\\WARNER\\flex\\artifacts\\ddbot-app\\src\\bot\\virtualHook\\VirtualStateMachine.ts","statementMap":{"0":{"start":{"line":59,"column":59},"end":{"line":165,"column":1}},"1":{"start":{"line":170,"column":59},"end":{"line":191,"column":1}},"2":{"start":{"line":202,"column":32},"end":{"line":202,"column":44}},"3":{"start":{"line":207,"column":8},"end":{"line":207,"column":30}},"4":{"start":{"line":208,"column":8},"end":{"line":208,"column":28}},"5":{"start":{"line":215,"column":8},"end":{"line":215,"column":29}},"6":{"start":{"line":224,"column":24},"end":{"line":224,"column":50}},"7":{"start":{"line":225,"column":8},"end":{"line":227,"column":9}},"8":{"start":{"line":226,"column":12},"end":{"line":226,"column":77}},"9":{"start":{"line":229,"column":21},"end":{"line":229,"column":34}},"10":{"start":{"line":230,"column":8},"end":{"line":230,"column":27}},"11":{"start":{"line":232,"column":8},"end":{"line":240,"column":11}},"12":{"start":{"line":248,"column":8},"end":{"line":248,"column":58}},"13":{"start":{"line":256,"column":8},"end":{"line":256,"column":54}},"14":{"start":{"line":256,"column":47},"end":{"line":256,"column":54}},"15":{"start":{"line":257,"column":21},"end":{"line":257,"column":34}},"16":{"start":{"line":258,"column":8},"end":{"line":258,"column":40}},"17":{"start":{"line":259,"column":8},"end":{"line":267,"column":11}},"18":{"start":{"line":274,"column":21},"end":{"line":274,"column":34}},"19":{"start":{"line":275,"column":8},"end":{"line":275,"column":37}},"20":{"start":{"line":276,"column":8},"end":{"line":286,"column":9}},"21":{"start":{"line":277,"column":12},"end":{"line":285,"column":15}},"22":{"start":{"line":293,"column":8},"end":{"line":293,"column":36}}},"fnMap":{"0":{"name":"(anonymous_0)","decl":{"start":{"line":206,"column":4},"end":{"line":206,"column":5}},"loc":{"start":{"line":206,"column":49},"end":{"line":209,"column":5}},"line":206},"1":{"name":"(anonymous_1)","decl":{"start":{"line":214,"column":4},"end":{"line":214,"column":5}},"loc":{"start":{"line":214,"column":25},"end":{"line":216,"column":5}},"line":214},"2":{"name":"(anonymous_2)","decl":{"start":{"line":223,"column":4},"end":{"line":223,"column":5}},"loc":{"start":{"line":223,"column":50},"end":{"line":241,"column":5}},"line":223},"3":{"name":"(anonymous_3)","decl":{"start":{"line":247,"column":4},"end":{"line":247,"column":5}},"loc":{"start":{"line":247,"column":36},"end":{"line":249,"column":5}},"line":247},"4":{"name":"(anonymous_4)","decl":{"start":{"line":255,"column":4},"end":{"line":255,"column":5}},"loc":{"start":{"line":255,"column":31},"end":{"line":268,"column":5}},"line":255},"5":{"name":"(anonymous_5)","decl":{"start":{"line":273,"column":4},"end":{"line":273,"column":5}},"loc":{"start":{"line":273,"column":18},"end":{"line":287,"column":5}},"line":273},"6":{"name":"(anonymous_6)","decl":{"start":{"line":292,"column":4},"end":{"line":292,"column":5}},"loc":{"start":{"line":292,"column":62},"end":{"line":294,"column":5}},"line":292}},"branchMap":{"0":{"loc":{"start":{"line":225,"column":8},"end":{"line":227,"column":9}},"type":"if","locations":[{"start":{"line":225,"column":8},"end":{"line":227,"column":9}},{"start":{},"end":{}}],"line":225},"1":{"loc":{"start":{"line":256,"column":8},"end":{"line":256,"column":54}},"type":"if","locations":[{"start":{"line":256,"column":8},"end":{"line":256,"column":54}},{"start":{},"end":{}}],"line":256},"2":{"loc":{"start":{"line":276,"column":8},"end":{"line":286,"column":9}},"type":"if","locations":[{"start":{"line":276,"column":8},"end":{"line":286,"column":9}},{"start":{},"end":{}}],"line":276},"3":{"loc":{"start":{"line":292,"column":17},"end":{"line":292,"column":47}},"type":"default-arg","locations":[{"start":{"line":292,"column":34},"end":{"line":292,"column":47}}],"line":292}},"s":{"0":4,"1":4,"2":2071,"3":2071,"4":2071,"5":48,"6":24594,"7":24594,"8":11,"9":24583,"10":24583,"11":24583,"12":1,"13":6,"14":0,"15":6,"16":6,"17":6,"18":2014,"19":2014,"20":2014,"21":2014,"22":1},"f":{"0":2071,"1":48,"2":24594,"3":1,"4":6,"5":2014,"6":1},"b":{"0":[11,24583],"1":[0,6],"2":[2014,0],"3":[0]},"_coverageSchema":"1a1c01bbd47fc00a2c39e90264f33305004495a9","hash":"d5d62aaf6edd6252563bb95d8f20505b413dce7b"}
,"C:\\Users\\cliff\\Desktop\\WARNER\\flex\\artifacts\\ddbot-app\\src\\bot\\virtualHook\\errors.ts": {"path":"C:\\Users\\cliff\\Desktop\\WARNER\\flex\\artifacts\\ddbot-app\\src\\bot\\virtualHook\\errors.ts","statementMap":{"0":{"start":{"line":40,"column":8},"end":{"line":40,"column":23}},"1":{"start":{"line":41,"column":8},"end":{"line":43,"column":9}},"2":{"start":{"line":42,"column":12},"end":{"line":42,"column":72}},"3":{"start":{"line":44,"column":8},"end":{"line":44,"column":39}},"4":{"start":{"line":45,"column":8},"end":{"line":45,"column":49}},"5":{"start":{"line":46,"column":8},"end":{"line":46,"column":51}},"6":{"start":{"line":47,"column":8},"end":{"line":47,"column":47}},"7":{"start":{"line":48,"column":8},"end":{"line":48,"column":53}},"8":{"start":{"line":49,"column":8},"end":{"line":49,"column":63}},"9":{"start":{"line":59,"column":8},"end":{"line":64,"column":11}},"10":{"start":{"line":65,"column":8},"end":{"line":65,"column":49}},"11":{"start":{"line":78,"column":8},"end":{"line":85,"column":11}},"12":{"start":{"line":86,"column":8},"end":{"line":86,"column":36}},"13":{"start":{"line":87,"column":8},"end":{"line":87,"column":50}},"14":{"start":{"line":100,"column":8},"end":{"line":105,"column":11}},"15":{"start":{"line":106,"column":8},"end":{"line":106,"column":45}},"16":{"start":{"line":107,"column":8},"end":{"line":107,"column":37}},"17":{"start":{"line":117,"column":8},"end":{"line":121,"column":11}},"18":{"start":{"line":122,"column":8},"end":{"line":122,"column":43}},"19":{"start":{"line":133,"column":8},"end":{"line":137,"column":11}},"20":{"start":{"line":138,"column":8},"end":{"line":138,"column":50}}},"fnMap":{"0":{"name":"(anonymous_0)","decl":{"start":{"line":29,"column":4},"end":{"line":29,"column":5}},"loc":{"start":{"line":39,"column":6},"end":{"line":50,"column":5}},"line":39},"1":{"name":"(anonymous_1)","decl":{"start":{"line":58,"column":4},"end":{"line":58,"column":5}},"loc":{"start":{"line":58,"column":50},"end":{"line":66,"column":5}},"line":58},"2":{"name":"(anonymous_2)","decl":{"start":{"line":77,"column":4},"end":{"line":77,"column":5}},"loc":{"start":{"line":77,"column":127},"end":{"line":88,"column":5}},"line":77},"3":{"name":"(anonymous_3)","decl":{"start":{"line":99,"column":4},"end":{"line":99,"column":5}},"loc":{"start":{"line":99,"column":53},"end":{"line":108,"column":5}},"line":99},"4":{"name":"(anonymous_4)","decl":{"start":{"line":116,"column":4},"end":{"line":116,"column":5}},"loc":{"start":{"line":116,"column":18},"end":{"line":123,"column":5}},"line":116},"5":{"name":"(anonymous_5)","decl":{"start":{"line":132,"column":4},"end":{"line":132,"column":5}},"loc":{"start":{"line":132,"column":68},"end":{"line":139,"column":5}},"line":132}},"branchMap":{"0":{"loc":{"start":{"line":41,"column":8},"end":{"line":43,"column":9}},"type":"if","locations":[{"start":{"line":41,"column":8},"end":{"line":43,"column":9}},{"start":{},"end":{}}],"line":41},"1":{"loc":{"start":{"line":47,"column":23},"end":{"line":47,"column":46}},"type":"binary-expr","locations":[{"start":{"line":47,"column":23},"end":{"line":47,"column":38}},{"start":{"line":47,"column":42},"end":{"line":47,"column":46}}],"line":47},"2":{"loc":{"start":{"line":48,"column":26},"end":{"line":48,"column":52}},"type":"binary-expr","locations":[{"start":{"line":48,"column":26},"end":{"line":48,"column":44}},{"start":{"line":48,"column":48},"end":{"line":48,"column":52}}],"line":48},"3":{"loc":{"start":{"line":49,"column":30},"end":{"line":49,"column":62}},"type":"binary-expr","locations":[{"start":{"line":49,"column":30},"end":{"line":49,"column":52}},{"start":{"line":49,"column":56},"end":{"line":49,"column":62}}],"line":49},"4":{"loc":{"start":{"line":77,"column":33},"end":{"line":77,"column":125}},"type":"default-arg","locations":[{"start":{"line":77,"column":123},"end":{"line":77,"column":125}}],"line":77},"5":{"loc":{"start":{"line":81,"column":21},"end":{"line":81,"column":44}},"type":"binary-expr","locations":[{"start":{"line":81,"column":21},"end":{"line":81,"column":36}},{"start":{"line":81,"column":40},"end":{"line":81,"column":44}}],"line":81},"6":{"loc":{"start":{"line":82,"column":24},"end":{"line":82,"column":50}},"type":"binary-expr","locations":[{"start":{"line":82,"column":24},"end":{"line":82,"column":42}},{"start":{"line":82,"column":46},"end":{"line":82,"column":50}}],"line":82},"7":{"loc":{"start":{"line":83,"column":64},"end":{"line":83,"column":87}},"type":"binary-expr","locations":[{"start":{"line":83,"column":64},"end":{"line":83,"column":82}},{"start":{"line":83,"column":86},"end":{"line":83,"column":87}}],"line":83},"8":{"loc":{"start":{"line":87,"column":24},"end":{"line":87,"column":49}},"type":"binary-expr","locations":[{"start":{"line":87,"column":24},"end":{"line":87,"column":40}},{"start":{"line":87,"column":44},"end":{"line":87,"column":49}}],"line":87}},"s":{"0":24,"1":24,"2":8,"3":24,"4":24,"5":24,"6":24,"7":24,"8":24,"9":1,"10":1,"11":0,"12":0,"13":0,"14":0,"15":0,"16":0,"17":2,"18":2,"19":11,"20":11},"f":{"0":24,"1":1,"2":0,"3":0,"4":2,"5":11},"b":{"0":[8,16],"1":[24,24],"2":[24,16],"3":[24,0],"4":[0],"5":[0,0],"6":[0,0],"7":[0,0],"8":[0,0]},"_coverageSchema":"1a1c01bbd47fc00a2c39e90264f33305004495a9","hash":"52311a3add25928edb9544e38994521387494fe8"}
}
