TN:
SF:src\bot\sharedExitDigitHistory.ts
FN:46,isVHDigitContract
FN:119,appendExitDigit
FN:122,(anonymous_2)
FN:138,onTransactionCommitted
FN:183,connectExitDigitHistoryToStore
FN:184,(anonymous_5)
FN:190,setExitDigitHistoryLogger
FN:198,resetExitDigitHistory
FN:212,getExitDigitHistory
FN:213,(anonymous_9)
FN:221,getLastNDigits
FN:223,(anonymous_11)
FN:230,getLastExitDigit
FN:237,getExitDigitCount
FN:244,clearExitDigitHistory
FN:254,subscribeToExitDigitHistory
FN:256,(anonymous_16)
FN:263,extractLastDigit
FNF:18
FNH:16
FNDA:1292,isVHDigitContract
FNDA:1298,appendExitDigit
FNDA:6,(anonymous_2)
FNDA:1279,onTransactionCommitted
FNDA:29,connectExitDigitHistoryToStore
FNDA:1273,(anonymous_5)
FNDA:13,setExitDigitHistoryLogger
FNDA:56,resetExitDigitHistory
FNDA:21,getExitDigitHistory
FNDA:161,(anonymous_9)
FNDA:3,getLastNDigits
FNDA:8,(anonymous_11)
FNDA:0,getLastExitDigit
FNDA:23,getExitDigitCount
FNDA:1,clearExitDigitHistory
FNDA:4,subscribeToExitDigitHistory
FNDA:4,(anonymous_16)
FNDA:0,extractLastDigit
DA:33,2
DA:47,1292
DA:96,2
DA:98,2
DA:102,2
DA:103,2
DA:105,2
DA:107,2
DA:120,1298
DA:121,1298
DA:122,1298
DA:140,1279
DA:141,1272
DA:144,1271
DA:145,1269
DA:147,1268
DA:160,1268
DA:162,1268
DA:163,1268
DA:165,1268
DA:184,1273
DA:191,13
DA:199,56
DA:200,56
DA:201,56
DA:213,161
DA:222,3
DA:223,8
DA:231,0
DA:238,23
DA:245,1
DA:246,1
DA:247,1
DA:255,4
DA:256,4
DA:264,0
LF:36
LH:34
BRDA:121,0,0,1102
BRDA:121,0,1,196
BRDA:140,1,0,7
BRDA:140,1,1,1272
BRDA:141,2,0,1
BRDA:141,2,1,1271
BRDA:141,3,0,1272
BRDA:141,3,1,1271
BRDA:144,4,0,2
BRDA:144,4,1,1269
BRDA:145,5,0,1
BRDA:145,5,1,1268
BRDA:231,6,0,0
BRDA:231,6,1,0
BRF:14
BRH:12
end_of_record
TN:
SF:src\bot\virtualHook\SettlementEngine.ts
FN:45,isDigitContractWin
FN:101,settleDigitContract
FN:115,isDigitContract
FNF:3
FNH:3
FNDA:2125,isDigitContractWin
FNDA:2023,settleDigitContract
FNDA:2033,isDigitContract
DA:17,4
DA:33,4
DA:50,2125
DA:51,2125
DA:53,2125
DA:56,2039
DA:59,16
DA:62,14
DA:65,14
DA:67,16
DA:69,14
DA:73,5
DA:76,5
DA:80,2
DA:102,2023
DA:103,2023
DA:116,2033
LF:17
LH:17
BRDA:48,0,0,49
BRDA:51,1,0,2072
BRDA:51,1,1,53
BRDA:51,2,0,2125
BRDA:51,2,1,2072
BRDA:53,3,0,2039
BRDA:53,3,1,16
BRDA:53,3,2,14
BRDA:53,3,3,14
BRDA:53,3,4,16
BRDA:53,3,5,14
BRDA:53,3,6,3
BRDA:53,3,7,5
BRDA:53,3,8,3
BRDA:53,3,9,5
BRDA:53,3,10,2
BRDA:56,4,0,2035
BRDA:56,4,1,4
BRDA:59,5,0,12
BRDA:59,5,1,4
BRDA:62,6,0,13
BRDA:62,6,1,1
BRDA:65,7,0,12
BRDA:65,7,1,2
BRF:24
BRH:24
end_of_record
TN:
SF:src\bot\virtualHook\SummaryStore.ts
FN:91,(anonymous_0)
FN:94,(anonymous_1)
FN:102,(anonymous_2)
FN:119,(anonymous_3)
FN:123,(anonymous_4)
FN:144,(anonymous_5)
FNF:6
FNH:6
FNDA:25,(anonymous_0)
FNDA:48,(anonymous_1)
FNDA:1263,(anonymous_2)
FNDA:1,(anonymous_3)
FNDA:1263,(anonymous_4)
FNDA:26,(anonymous_5)
DA:89,25
DA:95,48
DA:103,1263
DA:104,1263
DA:106,1263
DA:120,1
DA:124,1263
DA:125,1263
DA:126,1263
DA:127,1263
DA:129,1263
DA:130,1263
DA:132,1263
DA:145,26
LF:14
LH:14
BRDA:91,0,0,9
BRDA:125,1,0,472
BRDA:125,1,1,791
BRDA:126,2,0,472
BRDA:126,2,1,791
BRDA:129,3,0,472
BRDA:129,3,1,791
BRDA:130,4,0,791
BRDA:130,4,1,472
BRDA:139,5,0,1263
BRDA:139,5,1,0
BRF:11
BRH:10
end_of_record
TN:
SF:src\bot\virtualHook\TradeCandidate.ts
FN:84,isTradeCandidate
FNF:1
FNH:1
FNDA:2012,isTradeCandidate
DA:85,2012
DA:86,2012
DA:87,2012
LF:3
LH:3
BRDA:85,0,0,0
BRDA:85,0,1,2012
BRDA:85,1,0,2012
BRDA:85,1,1,2012
BRDA:88,2,0,2012
BRDA:88,2,1,2012
BRDA:88,2,2,2012
BRDA:88,2,3,2012
BRDA:88,2,4,2011
BRDA:88,2,5,2011
BRDA:88,2,6,2011
BRDA:88,2,7,2011
BRDA:88,2,8,2011
BRDA:88,2,9,2011
BRDA:88,2,10,2011
BRF:15
BRH:14
end_of_record
TN:
SF:src\bot\virtualHook\TransactionPipeline.ts
FN:116,(anonymous_0)
FN:172,(anonymous_1)
FN:174,(anonymous_2)
FN:195,(anonymous_3)
FNF:4
FNH:4
FNDA:1006,(anonymous_0)
FNDA:10,(anonymous_1)
FNDA:11,(anonymous_2)
FNDA:11,(anonymous_3)
DA:117,1006
DA:133,1006
DA:175,11
DA:176,11
DA:178,11
DA:179,11
DA:180,2
DA:183,11
DA:196,11
LF:9
LH:9
BRDA:125,0,0,1006
BRDA:125,0,1,0
BRDA:126,1,0,1006
BRDA:126,1,1,0
BRDA:128,2,0,1006
BRDA:128,2,1,0
BRDA:130,3,0,1006
BRDA:130,3,1,0
BRDA:179,4,0,2
BRDA:179,4,1,9
BRDA:184,5,0,11
BRDA:184,5,1,0
BRDA:204,6,0,11
BRDA:204,6,1,0
BRDA:205,7,0,11
BRDA:205,7,1,0
BRDA:207,8,0,11
BRDA:207,8,1,0
BRDA:209,9,0,11
BRDA:209,9,1,0
BRF:20
BRH:11
end_of_record
TN:
SF:src\bot\virtualHook\TransactionsStore.ts
FN:39,(anonymous_0)
FN:89,(anonymous_1)
FN:90,(anonymous_2)
FN:110,(anonymous_3)
FN:111,(anonymous_4)
FN:113,(anonymous_5)
FN:120,(anonymous_6)
FN:121,(anonymous_7)
FN:127,(anonymous_8)
FN:135,(anonymous_9)
FN:143,(anonymous_10)
FN:145,(anonymous_11)
FN:151,(anonymous_12)
FN:160,(anonymous_13)
FN:190,(anonymous_14)
FN:198,(anonymous_15)
FN:204,(anonymous_16)
FN:208,(anonymous_17)
FNF:18
FNH:18
FNDA:8,(anonymous_0)
FNDA:78,(anonymous_1)
FNDA:3889,(anonymous_2)
FNDA:3928,(anonymous_3)
FNDA:3928,(anonymous_4)
FNDA:8,(anonymous_5)
FNDA:4,(anonymous_6)
FNDA:205,(anonymous_7)
FNDA:9,(anonymous_8)
FNDA:14,(anonymous_9)
FNDA:85,(anonymous_10)
FNDA:2,(anonymous_11)
FNDA:3,(anonymous_12)
FNDA:3928,(anonymous_13)
FNDA:3795,(anonymous_14)
FNDA:1528330,(anonymous_15)
FNDA:3894,(anonymous_16)
FNDA:4132,(anonymous_17)
DA:40,8
DA:47,8
DA:83,78
DA:84,78
DA:86,78
DA:87,78
DA:90,78
DA:111,3928
DA:113,3928
DA:114,3928
DA:121,205
DA:128,9
DA:129,9
DA:136,14
DA:144,85
DA:145,85
DA:152,3
DA:153,3
DA:161,3928
DA:162,3928
DA:163,26
DA:167,3902
DA:168,3902
DA:171,9
DA:172,9
DA:176,8
DA:181,3894
DA:184,3894
DA:185,3894
DA:186,3894
DA:187,3894
DA:190,3894
DA:192,3894
DA:199,1528330
DA:200,307
DA:201,2
DA:205,3894
DA:209,4132
LF:38
LH:38
BRDA:90,0,0,78
BRDA:90,0,1,69
BRDA:129,1,0,7
BRDA:129,1,1,2
BRDA:162,2,0,26
BRDA:162,2,1,3902
BRDA:176,3,0,8
BRDA:176,3,1,0
BRDA:199,4,0,1528023
BRDA:199,4,1,307
BRDA:200,5,0,305
BRDA:200,5,1,2
BRDA:201,6,0,0
BRDA:201,6,1,2
BRDA:201,7,0,2
BRDA:201,7,1,0
BRF:16
BRH:13
end_of_record
TN:
SF:src\bot\virtualHook\VHConfig.ts
FN:76,validateVHConfig
FN:130,resolveVHConfig
FNF:2
FNH:2
FNDA:2039,validateVHConfig
FNDA:2037,resolveVHConfig
DA:11,5
DA:55,5
DA:77,2039
DA:78,1
DA:80,2038
DA:81,1
DA:83,2037
DA:84,0
DA:88,2037
DA:89,1
DA:93,2036
DA:94,0
DA:98,2036
DA:99,0
DA:103,2036
DA:104,0
DA:108,2036
DA:109,0
DA:113,2036
DA:114,0
DA:131,2037
DA:134,2037
DA:135,2037
DA:136,2037
DA:140,2037
DA:141,2037
DA:142,2037
DA:143,2037
DA:147,2037
DA:152,2037
DA:153,2037
DA:154,2
DA:163,2035
DA:165,2035
DA:167,2035
LF:35
LH:29
BRDA:77,0,0,1
BRDA:77,0,1,2038
BRDA:77,1,0,2039
BRDA:77,1,1,2039
BRDA:80,2,0,1
BRDA:80,2,1,2037
BRDA:80,3,0,2038
BRDA:80,3,1,2038
BRDA:83,4,0,0
BRDA:83,4,1,2037
BRDA:88,5,0,1
BRDA:88,5,1,2036
BRDA:88,6,0,2037
BRDA:88,6,1,2037
BRDA:93,7,0,0
BRDA:93,7,1,2036
BRDA:93,8,0,2036
BRDA:93,8,1,2036
BRDA:98,9,0,0
BRDA:98,9,1,2036
BRDA:98,10,0,2036
BRDA:98,10,1,2036
BRDA:103,11,0,0
BRDA:103,11,1,2036
BRDA:103,12,0,2036
BRDA:103,12,1,2036
BRDA:108,13,0,0
BRDA:108,13,1,2036
BRDA:108,14,0,2036
BRDA:108,14,1,2036
BRDA:113,15,0,0
BRDA:113,15,1,2036
BRDA:113,16,0,2036
BRDA:113,16,1,2036
BRDA:134,17,0,2037
BRDA:134,17,1,1
BRDA:135,18,0,2037
BRDA:135,18,1,1
BRDA:138,19,0,2037
BRDA:138,19,1,0
BRDA:140,20,0,2037
BRDA:140,20,1,1
BRDA:141,21,0,2037
BRDA:141,21,1,0
BRDA:142,22,0,2037
BRDA:142,22,1,0
BRDA:145,23,0,2037
BRDA:145,23,1,0
BRDA:147,24,0,2037
BRDA:147,24,1,0
BRDA:152,25,0,2037
BRDA:152,25,1,2024
BRDA:153,26,0,2
BRDA:153,26,1,2035
BRDA:153,27,0,2037
BRDA:153,27,1,2024
BRF:56
BRH:45
end_of_record
TN:
SF:src\bot\virtualHook\VHDecision.ts
FNF:0
FNH:0
LF:0
LH:0
BRF:0
BRH:0
end_of_record
TN:
SF:src\bot\virtualHook\VHJournalStore.ts
FN:141,(anonymous_0)
FN:147,(anonymous_1)
FN:168,(anonymous_2)
FN:175,(anonymous_3)
FN:176,(anonymous_4)
FN:182,(anonymous_5)
FN:190,(anonymous_6)
FN:198,(anonymous_7)
FN:200,(anonymous_8)
FN:204,(anonymous_9)
FN:217,(anonymous_10)
FN:237,(anonymous_11)
FNF:12
FNH:12
FNDA:29,(anonymous_0)
FNDA:1255,(anonymous_1)
FNDA:5,(anonymous_2)
FNDA:45,(anonymous_3)
FNDA:1545,(anonymous_4)
FNDA:5,(anonymous_5)
FNDA:34,(anonymous_6)
FNDA:3,(anonymous_7)
FNDA:1,(anonymous_8)
FNDA:1,(anonymous_9)
FNDA:1255,(anonymous_10)
FNDA:1550,(anonymous_11)
DA:137,29
DA:138,29
DA:139,29
DA:148,1255
DA:149,1255
DA:151,1255
DA:152,1255
DA:153,1255
DA:154,1255
DA:156,1255
DA:168,1255
DA:176,1545
DA:183,5
DA:184,5
DA:191,34
DA:199,3
DA:200,3
DA:205,1
DA:206,1
DA:218,1255
DA:238,1550
LF:21
LH:21
BRDA:141,0,0,10
BRDA:184,1,0,5
BRDA:184,1,1,0
BRF:3
BRH:2
end_of_record
TN:
SF:src\bot\virtualHook\VHLogger.ts
FN:86,(anonymous_0)
FN:88,(anonymous_1)
FN:92,(anonymous_2)
FN:96,(anonymous_3)
FN:100,(anonymous_4)
FN:104,(anonymous_5)
FNF:6
FNH:3
FNDA:21,(anonymous_0)
FNDA:18,(anonymous_1)
FNDA:0,(anonymous_2)
FNDA:0,(anonymous_3)
FNDA:0,(anonymous_4)
FNDA:18,(anonymous_5)
DA:84,21
DA:89,18
DA:93,0
DA:97,0
DA:101,0
DA:105,18
DA:111,18
LF:7
LH:4
BRDA:86,0,0,21
BRF:1
BRH:1
end_of_record
TN:
SF:src\bot\virtualHook\VHRuntime.ts
FN:48,resetVHRuntime
FN:60,getVHTransactionPipeline
FN:67,(anonymous_2)
FN:68,(anonymous_3)
FN:82,getVHStore
FN:89,isVHRuntimeWired
FNF:6
FNH:6
FNDA:9,resetVHRuntime
FNDA:8,getVHTransactionPipeline
FNDA:5,(anonymous_2)
FNDA:5,(anonymous_3)
FNDA:9,getVHStore
FNDA:5,isVHRuntimeWired
DA:37,1
DA:39,1
DA:41,1
DA:49,9
DA:50,9
DA:51,9
DA:52,9
DA:61,8
DA:63,7
DA:64,7
DA:65,7
DA:67,7
DA:68,7
DA:69,7
DA:71,7
DA:72,7
DA:73,7
DA:75,7
DA:83,9
DA:90,5
LF:20
LH:20
BRDA:61,0,0,1
BRDA:61,0,1,7
BRF:2
BRH:2
end_of_record
TN:
SF:src\bot\virtualHook\VirtualContract.ts
FN:133,(anonymous_0)
FN:171,(anonymous_1)
FN:184,(anonymous_2)
FN:198,(anonymous_3)
FN:219,(anonymous_4)
FN:237,cryptoUUID
FN:242,(anonymous_6)
FN:256,estimateDurationMs
FN:272,extractDigitValue
FNF:9
FNH:8
FNDA:2039,(anonymous_0)
FNDA:1,(anonymous_1)
FNDA:2034,(anonymous_2)
FNDA:2033,(anonymous_3)
FNDA:0,(anonymous_4)
FNDA:2039,cryptoUUID
FNDA:63209,(anonymous_6)
FNDA:2045,estimateDurationMs
FNDA:4068,extractDigitValue
DA:141,2039
DA:142,2039
DA:143,2039
DA:145,2039
DA:172,1
DA:173,1
DA:185,2034
DA:186,2034
DA:203,2033
DA:204,2033
DA:205,2033
DA:206,2033
DA:220,0
DA:238,2039
DA:239,0
DA:242,2039
DA:243,63209
DA:244,63209
DA:245,63209
DA:257,2045
DA:258,2045
DA:259,2041
DA:260,1
DA:261,1
DA:262,1
DA:263,1
DA:264,0
DA:273,4068
LF:28
LH:25
BRDA:204,0,0,1
BRDA:204,0,1,2032
BRDA:205,1,0,1
BRDA:205,1,1,2032
BRDA:210,2,0,2031
BRDA:210,2,1,2
BRDA:225,3,0,0
BRDA:225,3,1,0
BRDA:238,4,0,0
BRDA:238,4,1,2039
BRDA:238,5,0,2039
BRDA:238,5,1,2039
BRDA:244,6,0,61170
BRDA:244,6,1,2039
BRDA:257,7,0,2045
BRDA:257,7,1,1
BRDA:258,8,0,2041
BRDA:258,8,1,1
BRDA:258,8,2,1
BRDA:258,8,3,1
BRDA:258,8,4,1
BRDA:258,8,5,0
BRF:22
BRH:18
end_of_record
TN:
SF:src\bot\virtualHook\VirtualHookEngine.ts
FN:128,(anonymous_0)
FN:148,(anonymous_1)
FN:160,(anonymous_2)
FN:194,(anonymous_3)
FN:208,(anonymous_4)
FN:218,(anonymous_5)
FN:444,(anonymous_6)
FN:688,(anonymous_7)
FN:689,(anonymous_8)
FN:690,(anonymous_9)
FN:695,(anonymous_10)
FN:700,(anonymous_11)
FN:704,(anonymous_12)
FN:718,(anonymous_13)
FN:721,(anonymous_14)
FN:752,(anonymous_15)
FN:767,(anonymous_16)
FN:774,(anonymous_17)
FN:775,(anonymous_18)
FN:785,(anonymous_19)
FN:824,(anonymous_20)
FN:877,(anonymous_21)
FNF:22
FNH:20
FNDA:2015,(anonymous_0)
FNDA:3,(anonymous_1)
FNDA:3,(anonymous_2)
FNDA:1003,(anonymous_3)
FNDA:0,(anonymous_4)
FNDA:2016,(anonymous_5)
FNDA:2022,(anonymous_6)
FNDA:2022,(anonymous_7)
FNDA:2022,(anonymous_8)
FNDA:0,(anonymous_9)
FNDA:2031,(anonymous_10)
FNDA:2032,(anonymous_11)
FNDA:1,(anonymous_12)
FNDA:2021,(anonymous_13)
FNDA:2049,(anonymous_14)
FNDA:2021,(anonymous_15)
FNDA:2,(anonymous_16)
FNDA:2182,(anonymous_17)
FNDA:2182,(anonymous_18)
FNDA:2012,(anonymous_19)
FNDA:3,(anonymous_20)
FNDA:2012,(anonymous_21)
DA:47,3
DA:107,2015
DA:108,2015
DA:109,2015
DA:110,2015
DA:113,2015
DA:114,2015
DA:117,2015
DA:135,2015
DA:136,2015
DA:137,2015
DA:138,2015
DA:139,2015
DA:140,2015
DA:149,3
DA:161,3
DA:162,1
DA:171,1
DA:173,2
DA:174,0
DA:183,0
DA:187,2
DA:188,2
DA:195,1003
DA:209,0
DA:219,2016
DA:220,2
DA:226,2014
DA:227,2
DA:229,2012
DA:230,2012
DA:231,2012
DA:232,2012
DA:233,2012
DA:234,2012
DA:236,2012
DA:237,2012
DA:238,2012
DA:240,2012
DA:243,2012
DA:245,2012
DA:246,1
DA:247,1
DA:256,1
DA:257,1
DA:258,1
DA:270,1
DA:279,2011
DA:281,2011
DA:283,2011
DA:285,2011
DA:286,2022
DA:287,0
DA:288,0
DA:289,0
DA:301,0
DA:315,2022
DA:317,2022
DA:318,2021
DA:320,1
DA:323,2022
DA:328,2022
DA:330,2022
DA:331,2009
DA:332,2009
DA:333,2009
DA:345,2009
DA:353,13
DA:354,2
DA:355,2
DA:356,2
DA:368,2
DA:376,11
DA:377,0
DA:378,0
DA:379,0
DA:391,0
DA:401,11
DA:402,11
DA:407,0
DA:408,0
DA:417,0
DA:418,0
DA:419,0
DA:431,0
DA:451,2022
DA:452,2022
DA:453,2022
DA:455,2022
DA:456,2024
DA:457,2024
DA:463,2024
DA:464,2022
DA:465,2022
DA:467,2
DA:468,2
DA:469,0
DA:480,0
DA:487,2
DA:496,2
DA:497,2
DA:498,2
DA:501,0
DA:502,0
DA:505,0
DA:506,0
DA:507,0
DA:516,0
DA:521,0
DA:522,0
DA:523,0
DA:528,2022
DA:530,2022
DA:539,2022
DA:542,2022
DA:543,2022
DA:544,2022
DA:546,1
DA:547,1
DA:564,1
DA:565,1
DA:566,1
DA:567,1
DA:569,1
DA:578,2021
DA:580,2021
DA:584,2021
DA:585,2021
DA:587,0
DA:588,0
DA:598,0
DA:601,2021
DA:605,2021
DA:606,2021
DA:607,2021
DA:611,0
DA:620,0
DA:623,2021
DA:634,2021
DA:637,2021
DA:639,2021
DA:640,2021
DA:641,2021
DA:642,2021
DA:644,0
DA:645,0
DA:656,2021
DA:659,2021
DA:660,2021
DA:662,2021
DA:675,2021
DA:677,2021
DA:689,2022
DA:690,2022
DA:691,0
DA:692,0
DA:695,2022
DA:696,2031
DA:697,2031
DA:700,2022
DA:701,2032
DA:704,2022
DA:705,1
DA:706,1
DA:719,2021
DA:721,2021
DA:722,2049
DA:725,2021
DA:727,2021
DA:728,2021
DA:730,2021
DA:734,2021
DA:735,2180
DA:736,2180
DA:738,2021
DA:741,0
DA:745,0
DA:746,0
DA:753,2021
DA:754,2021
DA:755,2021
DA:756,0
DA:757,0
DA:758,0
DA:759,0
DA:760,0
DA:768,2
DA:775,2182
DA:797,2012
DA:826,3
DA:828,3
DA:829,3
DA:831,0
DA:842,3
DA:843,3
DA:845,0
DA:856,3
DA:857,3
DA:858,3
DA:859,3
DA:860,3
DA:861,3
DA:863,3
DA:878,2012
DA:879,2012
DA:880,2012
DA:881,2012
DA:882,2012
DA:884,0
LF:209
LH:161
BRDA:131,0,0,1003
BRDA:132,1,0,0
BRDA:161,2,0,1
BRDA:161,2,1,2
BRDA:163,3,0,1
BRDA:163,3,1,1
BRDA:173,4,0,0
BRDA:173,4,1,2
BRDA:175,5,0,0
BRDA:175,5,1,0
BRDA:219,6,0,2
BRDA:219,6,1,2014
BRDA:226,7,0,2
BRDA:226,7,1,2012
BRDA:245,8,0,1
BRDA:245,8,1,2011
BRDA:286,9,0,0
BRDA:286,9,1,2022
BRDA:317,10,0,2021
BRDA:317,10,1,1
BRDA:330,11,0,2009
BRDA:330,11,1,13
BRDA:353,12,0,2
BRDA:353,12,1,11
BRDA:376,13,0,0
BRDA:376,13,1,11
BRDA:401,14,0,11
BRDA:401,14,1,0
BRDA:407,15,0,0
BRDA:407,15,1,0
BRDA:463,16,0,2022
BRDA:463,16,1,2
BRDA:468,17,0,0
BRDA:468,17,1,2
BRDA:468,18,0,2
BRDA:468,18,1,2
BRDA:476,19,0,0
BRDA:476,19,1,0
BRDA:501,20,0,0
BRDA:501,20,1,0
BRDA:501,21,0,0
BRDA:501,21,1,0
BRDA:505,22,0,0
BRDA:505,22,1,0
BRDA:506,23,0,0
BRDA:506,23,1,0
BRDA:546,24,0,1
BRDA:546,24,1,0
BRDA:587,25,0,0
BRDA:587,25,1,0
BRDA:605,26,0,2021
BRDA:605,26,1,0
BRDA:634,27,0,2016
BRDA:634,27,1,5
BRDA:644,28,0,0
BRDA:644,28,1,0
BRDA:681,29,0,2021
BRDA:681,29,1,0
BRDA:727,30,0,2021
BRDA:727,30,1,0
BRDA:735,31,0,0
BRDA:735,31,1,2180
BRDA:753,32,0,2021
BRDA:753,32,1,0
BRDA:754,33,0,2021
BRDA:754,33,1,0
BRDA:754,33,2,0
BRDA:754,33,3,0
BRDA:754,33,4,0
BRDA:754,33,5,0
BRDA:832,34,0,0
BRDA:832,34,1,0
BRDA:835,35,0,0
BRDA:835,35,1,0
BRDA:846,36,0,0
BRDA:846,36,1,0
BRDA:849,37,0,0
BRDA:849,37,1,0
BRDA:888,38,0,0
BRDA:888,38,1,0
BRF:80
BRH:35
end_of_record
TN:
SF:src\bot\virtualHook\VirtualPolicy.ts
FN:49,(anonymous_0)
FN:56,(anonymous_1)
FN:73,(anonymous_2)
FN:87,(anonymous_3)
FN:143,(anonymous_4)
FN:147,(anonymous_5)
FN:151,(anonymous_6)
FN:155,(anonymous_7)
FN:159,(anonymous_8)
FNF:9
FNH:7
FNDA:2021,(anonymous_0)
FNDA:2013,(anonymous_1)
FNDA:2037,(anonymous_2)
FNDA:2029,(anonymous_3)
FNDA:5026,(anonymous_4)
FNDA:5026,(anonymous_5)
FNDA:4023,(anonymous_6)
FNDA:0,(anonymous_7)
FNDA:0,(anonymous_8)
DA:43,2021
DA:44,2021
DA:45,2021
DA:46,2021
DA:47,2021
DA:50,2021
DA:57,2013
DA:58,2013
DA:59,2013
DA:60,2013
DA:61,2013
DA:74,2037
DA:75,3
DA:76,3
DA:78,2034
DA:79,2034
DA:80,2034
DA:81,9
DA:89,2029
DA:90,2029
DA:91,2010
DA:92,2007
DA:100,3
DA:110,19
DA:111,5
DA:121,14
DA:122,1
DA:132,13
DA:144,5026
DA:148,5026
DA:152,4023
DA:156,0
DA:160,0
LF:33
LH:31
BRDA:73,0,0,2034
BRDA:74,1,0,3
BRDA:74,1,1,2034
BRDA:80,2,0,2025
BRDA:80,2,1,9
BRDA:90,3,0,2010
BRDA:90,3,1,19
BRDA:91,4,0,2007
BRDA:91,4,1,3
BRDA:110,5,0,5
BRDA:110,5,1,14
BRDA:121,6,0,1
BRDA:121,6,1,13
BRF:13
BRH:13
end_of_record
TN:
SF:src\bot\virtualHook\VirtualStateMachine.ts
FN:206,(anonymous_0)
FN:214,(anonymous_1)
FN:223,(anonymous_2)
FN:247,(anonymous_3)
FN:255,(anonymous_4)
FN:273,(anonymous_5)
FN:292,(anonymous_6)
FNF:7
FNH:7
FNDA:2071,(anonymous_0)
FNDA:48,(anonymous_1)
FNDA:24594,(anonymous_2)
FNDA:1,(anonymous_3)
FNDA:6,(anonymous_4)
FNDA:2014,(anonymous_5)
FNDA:1,(anonymous_6)
DA:59,4
DA:170,4
DA:202,2071
DA:207,2071
DA:208,2071
DA:215,48
DA:224,24594
DA:225,24594
DA:226,11
DA:229,24583
DA:230,24583
DA:232,24583
DA:248,1
DA:256,6
DA:257,6
DA:258,6
DA:259,6
DA:274,2014
DA:275,2014
DA:276,2014
DA:277,2014
DA:293,1
LF:22
LH:22
BRDA:225,0,0,11
BRDA:225,0,1,24583
BRDA:256,1,0,0
BRDA:256,1,1,6
BRDA:276,2,0,2014
BRDA:276,2,1,0
BRDA:292,3,0,0
BRF:7
BRH:4
end_of_record
TN:
SF:src\bot\virtualHook\errors.ts
FN:29,(anonymous_0)
FN:58,(anonymous_1)
FN:77,(anonymous_2)
FN:99,(anonymous_3)
FN:116,(anonymous_4)
FN:132,(anonymous_5)
FNF:6
FNH:4
FNDA:24,(anonymous_0)
FNDA:1,(anonymous_1)
FNDA:0,(anonymous_2)
FNDA:0,(anonymous_3)
FNDA:2,(anonymous_4)
FNDA:11,(anonymous_5)
DA:40,24
DA:41,24
DA:42,8
DA:44,24
DA:45,24
DA:46,24
DA:47,24
DA:48,24
DA:49,24
DA:59,1
DA:65,1
DA:78,0
DA:86,0
DA:87,0
DA:100,0
DA:106,0
DA:107,0
DA:117,2
DA:122,2
DA:133,11
DA:138,11
LF:21
LH:15
BRDA:41,0,0,8
BRDA:41,0,1,16
BRDA:47,1,0,24
BRDA:47,1,1,24
BRDA:48,2,0,24
BRDA:48,2,1,16
BRDA:49,3,0,24
BRDA:49,3,1,0
BRDA:77,4,0,0
BRDA:81,5,0,0
BRDA:81,5,1,0
BRDA:82,6,0,0
BRDA:82,6,1,0
BRDA:83,7,0,0
BRDA:83,7,1,0
BRDA:87,8,0,0
BRDA:87,8,1,0
BRF:17
BRH:7
end_of_record
